[2023-01-27T06:46:27.170+0000] {processor.py:153} INFO - Started process (PID=261) to work on /home/airflow/.local/lib/python3.7/site-packages/airflow/example_dags/example_xcom.py
[2023-01-27T06:46:27.177+0000] {processor.py:743} INFO - Processing file /home/airflow/.local/lib/python3.7/site-packages/airflow/example_dags/example_xcom.py for tasks to queue
[2023-01-27T06:46:27.209+0000] {logging_mixin.py:137} INFO - [2023-01-27T06:46:27.209+0000] {dagbag.py:538} INFO - Filling up the DagBag from /home/airflow/.local/lib/python3.7/site-packages/airflow/example_dags/example_xcom.py
[2023-01-27T06:46:27.400+0000] {processor.py:753} INFO - DAG(s) dict_keys(['example_xcom']) retrieved from /home/airflow/.local/lib/python3.7/site-packages/airflow/example_dags/example_xcom.py
[2023-01-27T06:46:28.425+0000] {logging_mixin.py:137} INFO - [2023-01-27T06:46:28.425+0000] {manager.py:504} INFO - Created Permission View: can delete on DAG:example_xcom
[2023-01-27T06:46:28.466+0000] {logging_mixin.py:137} INFO - [2023-01-27T06:46:28.465+0000] {manager.py:504} INFO - Created Permission View: can edit on DAG:example_xcom
[2023-01-27T06:46:28.524+0000] {logging_mixin.py:137} INFO - [2023-01-27T06:46:28.518+0000] {manager.py:504} INFO - Created Permission View: can read on DAG:example_xcom
[2023-01-27T06:46:28.561+0000] {logging_mixin.py:137} INFO - [2023-01-27T06:46:28.556+0000] {dag.py:2690} INFO - Sync 1 DAGs
[2023-01-27T06:46:28.665+0000] {logging_mixin.py:137} INFO - [2023-01-27T06:46:28.659+0000] {dag.py:2711} INFO - Creating ORM DAG for example_xcom
[2023-01-27T06:46:28.770+0000] {logging_mixin.py:137} INFO - [2023-01-27T06:46:28.768+0000] {dag.py:3441} INFO - Setting next_dagrun for example_xcom to 2021-01-01T00:00:00+00:00, run_after=2021-01-01T00:00:00+00:00
[2023-01-27T06:46:28.937+0000] {processor.py:175} INFO - Processing /home/airflow/.local/lib/python3.7/site-packages/airflow/example_dags/example_xcom.py took 1.777 seconds
[2023-01-27T06:47:39.540+0000] {processor.py:153} INFO - Started process (PID=348) to work on /home/airflow/.local/lib/python3.7/site-packages/airflow/example_dags/example_xcom.py
[2023-01-27T06:47:39.589+0000] {processor.py:743} INFO - Processing file /home/airflow/.local/lib/python3.7/site-packages/airflow/example_dags/example_xcom.py for tasks to queue
[2023-01-27T06:47:39.647+0000] {logging_mixin.py:137} INFO - [2023-01-27T06:47:39.645+0000] {dagbag.py:538} INFO - Filling up the DagBag from /home/airflow/.local/lib/python3.7/site-packages/airflow/example_dags/example_xcom.py
[2023-01-27T06:47:40.255+0000] {processor.py:753} INFO - DAG(s) dict_keys(['example_xcom']) retrieved from /home/airflow/.local/lib/python3.7/site-packages/airflow/example_dags/example_xcom.py
[2023-01-27T06:47:41.226+0000] {logging_mixin.py:137} INFO - [2023-01-27T06:47:41.224+0000] {dag.py:2690} INFO - Sync 1 DAGs
[2023-01-27T06:47:41.703+0000] {logging_mixin.py:137} INFO - [2023-01-27T06:47:41.696+0000] {dag.py:3441} INFO - Setting next_dagrun for example_xcom to 2021-01-01T00:00:00+00:00, run_after=2021-01-01T00:00:00+00:00
[2023-01-27T06:47:41.940+0000] {processor.py:175} INFO - Processing /home/airflow/.local/lib/python3.7/site-packages/airflow/example_dags/example_xcom.py took 2.436 seconds
[2023-01-27T06:48:22.423+0000] {processor.py:153} INFO - Started process (PID=401) to work on /home/airflow/.local/lib/python3.7/site-packages/airflow/example_dags/example_xcom.py
[2023-01-27T06:48:22.438+0000] {processor.py:743} INFO - Processing file /home/airflow/.local/lib/python3.7/site-packages/airflow/example_dags/example_xcom.py for tasks to queue
[2023-01-27T06:48:22.466+0000] {logging_mixin.py:137} INFO - [2023-01-27T06:48:22.461+0000] {dagbag.py:538} INFO - Filling up the DagBag from /home/airflow/.local/lib/python3.7/site-packages/airflow/example_dags/example_xcom.py
[2023-01-27T06:48:22.823+0000] {processor.py:753} INFO - DAG(s) dict_keys(['example_xcom']) retrieved from /home/airflow/.local/lib/python3.7/site-packages/airflow/example_dags/example_xcom.py
[2023-01-27T06:48:23.014+0000] {logging_mixin.py:137} INFO - [2023-01-27T06:48:23.013+0000] {dag.py:2690} INFO - Sync 1 DAGs
[2023-01-27T06:48:23.158+0000] {logging_mixin.py:137} INFO - [2023-01-27T06:48:23.158+0000] {dag.py:3441} INFO - Setting next_dagrun for example_xcom to 2021-01-01T00:00:00+00:00, run_after=2021-01-01T00:00:00+00:00
[2023-01-27T06:48:23.304+0000] {processor.py:175} INFO - Processing /home/airflow/.local/lib/python3.7/site-packages/airflow/example_dags/example_xcom.py took 0.898 seconds
[2023-01-27T06:51:02.844+0000] {processor.py:153} INFO - Started process (PID=506) to work on /home/airflow/.local/lib/python3.7/site-packages/airflow/example_dags/example_xcom.py
[2023-01-27T06:51:02.868+0000] {processor.py:743} INFO - Processing file /home/airflow/.local/lib/python3.7/site-packages/airflow/example_dags/example_xcom.py for tasks to queue
[2023-01-27T06:51:02.884+0000] {logging_mixin.py:137} INFO - [2023-01-27T06:51:02.883+0000] {dagbag.py:538} INFO - Filling up the DagBag from /home/airflow/.local/lib/python3.7/site-packages/airflow/example_dags/example_xcom.py
[2023-01-27T06:51:03.360+0000] {processor.py:753} INFO - DAG(s) dict_keys(['example_xcom']) retrieved from /home/airflow/.local/lib/python3.7/site-packages/airflow/example_dags/example_xcom.py
[2023-01-27T06:51:04.056+0000] {logging_mixin.py:137} INFO - [2023-01-27T06:51:04.052+0000] {dag.py:2690} INFO - Sync 1 DAGs
[2023-01-27T06:51:04.535+0000] {logging_mixin.py:137} INFO - [2023-01-27T06:51:04.533+0000] {dag.py:3441} INFO - Setting next_dagrun for example_xcom to 2021-01-01T00:00:00+00:00, run_after=2021-01-01T00:00:00+00:00
[2023-01-27T06:51:05.007+0000] {processor.py:175} INFO - Processing /home/airflow/.local/lib/python3.7/site-packages/airflow/example_dags/example_xcom.py took 2.208 seconds
