[2023-01-27T06:47:05.017+0000] {processor.py:153} INFO - Started process (PID=315) to work on /home/airflow/.local/lib/python3.7/site-packages/airflow/example_dags/example_branch_datetime_operator.py
[2023-01-27T06:47:05.046+0000] {processor.py:743} INFO - Processing file /home/airflow/.local/lib/python3.7/site-packages/airflow/example_dags/example_branch_datetime_operator.py for tasks to queue
[2023-01-27T06:47:05.056+0000] {logging_mixin.py:137} INFO - [2023-01-27T06:47:05.054+0000] {dagbag.py:538} INFO - Filling up the DagBag from /home/airflow/.local/lib/python3.7/site-packages/airflow/example_dags/example_branch_datetime_operator.py
[2023-01-27T06:47:05.349+0000] {processor.py:753} INFO - DAG(s) dict_keys(['example_branch_datetime_operator', 'example_branch_datetime_operator_2', 'example_branch_datetime_operator_3']) retrieved from /home/airflow/.local/lib/python3.7/site-packages/airflow/example_dags/example_branch_datetime_operator.py
[2023-01-27T06:47:10.126+0000] {logging_mixin.py:137} INFO - [2023-01-27T06:47:10.122+0000] {manager.py:504} INFO - Created Permission View: can delete on DAG:example_branch_datetime_operator
[2023-01-27T06:47:10.589+0000] {logging_mixin.py:137} INFO - [2023-01-27T06:47:10.588+0000] {manager.py:504} INFO - Created Permission View: can edit on DAG:example_branch_datetime_operator
[2023-01-27T06:47:11.000+0000] {logging_mixin.py:137} INFO - [2023-01-27T06:47:10.999+0000] {manager.py:504} INFO - Created Permission View: can read on DAG:example_branch_datetime_operator
[2023-01-27T06:47:11.818+0000] {logging_mixin.py:137} INFO - [2023-01-27T06:47:11.813+0000] {manager.py:504} INFO - Created Permission View: can delete on DAG:example_branch_datetime_operator_2
[2023-01-27T06:47:12.027+0000] {logging_mixin.py:137} INFO - [2023-01-27T06:47:12.027+0000] {manager.py:504} INFO - Created Permission View: can edit on DAG:example_branch_datetime_operator_2
[2023-01-27T06:47:12.096+0000] {logging_mixin.py:137} INFO - [2023-01-27T06:47:12.095+0000] {manager.py:504} INFO - Created Permission View: can read on DAG:example_branch_datetime_operator_2
[2023-01-27T06:47:12.263+0000] {logging_mixin.py:137} INFO - [2023-01-27T06:47:12.263+0000] {manager.py:504} INFO - Created Permission View: can delete on DAG:example_branch_datetime_operator_3
[2023-01-27T06:47:12.341+0000] {logging_mixin.py:137} INFO - [2023-01-27T06:47:12.341+0000] {manager.py:504} INFO - Created Permission View: can edit on DAG:example_branch_datetime_operator_3
[2023-01-27T06:47:12.409+0000] {logging_mixin.py:137} INFO - [2023-01-27T06:47:12.409+0000] {manager.py:504} INFO - Created Permission View: can read on DAG:example_branch_datetime_operator_3
[2023-01-27T06:47:12.416+0000] {logging_mixin.py:137} INFO - [2023-01-27T06:47:12.415+0000] {dag.py:2690} INFO - Sync 3 DAGs
[2023-01-27T06:47:12.820+0000] {logging_mixin.py:137} INFO - [2023-01-27T06:47:12.819+0000] {dag.py:2711} INFO - Creating ORM DAG for example_branch_datetime_operator
[2023-01-27T06:47:12.835+0000] {logging_mixin.py:137} INFO - [2023-01-27T06:47:12.835+0000] {dag.py:2711} INFO - Creating ORM DAG for example_branch_datetime_operator_2
[2023-01-27T06:47:12.850+0000] {logging_mixin.py:137} INFO - [2023-01-27T06:47:12.849+0000] {dag.py:2711} INFO - Creating ORM DAG for example_branch_datetime_operator_3
[2023-01-27T06:47:13.011+0000] {logging_mixin.py:137} INFO - [2023-01-27T06:47:13.010+0000] {dag.py:3441} INFO - Setting next_dagrun for example_branch_datetime_operator to 2023-01-26T00:00:00+00:00, run_after=2023-01-27T00:00:00+00:00
[2023-01-27T06:47:13.043+0000] {logging_mixin.py:137} INFO - [2023-01-27T06:47:13.043+0000] {dag.py:3441} INFO - Setting next_dagrun for example_branch_datetime_operator_2 to 2023-01-26T00:00:00+00:00, run_after=2023-01-27T00:00:00+00:00
[2023-01-27T06:47:13.061+0000] {logging_mixin.py:137} INFO - [2023-01-27T06:47:13.061+0000] {dag.py:3441} INFO - Setting next_dagrun for example_branch_datetime_operator_3 to 2023-01-26T00:00:00+00:00, run_after=2023-01-27T00:00:00+00:00
[2023-01-27T06:47:13.620+0000] {processor.py:175} INFO - Processing /home/airflow/.local/lib/python3.7/site-packages/airflow/example_dags/example_branch_datetime_operator.py took 8.689 seconds
[2023-01-27T06:48:06.529+0000] {processor.py:153} INFO - Started process (PID=388) to work on /home/airflow/.local/lib/python3.7/site-packages/airflow/example_dags/example_branch_datetime_operator.py
[2023-01-27T06:48:06.547+0000] {processor.py:743} INFO - Processing file /home/airflow/.local/lib/python3.7/site-packages/airflow/example_dags/example_branch_datetime_operator.py for tasks to queue
[2023-01-27T06:48:06.551+0000] {logging_mixin.py:137} INFO - [2023-01-27T06:48:06.551+0000] {dagbag.py:538} INFO - Filling up the DagBag from /home/airflow/.local/lib/python3.7/site-packages/airflow/example_dags/example_branch_datetime_operator.py
[2023-01-27T06:48:06.734+0000] {processor.py:753} INFO - DAG(s) dict_keys(['example_branch_datetime_operator', 'example_branch_datetime_operator_3', 'example_branch_datetime_operator_2']) retrieved from /home/airflow/.local/lib/python3.7/site-packages/airflow/example_dags/example_branch_datetime_operator.py
[2023-01-27T06:48:07.445+0000] {logging_mixin.py:137} INFO - [2023-01-27T06:48:07.445+0000] {dag.py:2690} INFO - Sync 3 DAGs
[2023-01-27T06:48:07.664+0000] {logging_mixin.py:137} INFO - [2023-01-27T06:48:07.663+0000] {dag.py:3441} INFO - Setting next_dagrun for example_branch_datetime_operator to 2023-01-26T00:00:00+00:00, run_after=2023-01-27T00:00:00+00:00
[2023-01-27T06:48:07.739+0000] {logging_mixin.py:137} INFO - [2023-01-27T06:48:07.738+0000] {dag.py:3441} INFO - Setting next_dagrun for example_branch_datetime_operator_2 to 2023-01-26T00:00:00+00:00, run_after=2023-01-27T00:00:00+00:00
[2023-01-27T06:48:07.787+0000] {logging_mixin.py:137} INFO - [2023-01-27T06:48:07.787+0000] {dag.py:3441} INFO - Setting next_dagrun for example_branch_datetime_operator_3 to 2023-01-26T00:00:00+00:00, run_after=2023-01-27T00:00:00+00:00
[2023-01-27T06:48:07.940+0000] {processor.py:175} INFO - Processing /home/airflow/.local/lib/python3.7/site-packages/airflow/example_dags/example_branch_datetime_operator.py took 1.435 seconds
