[2023-01-27T06:46:30.922+0000] {processor.py:153} INFO - Started process (PID=272) to work on /home/airflow/.local/lib/python3.7/site-packages/airflow/example_dags/example_branch_operator_decorator.py
[2023-01-27T06:46:30.928+0000] {processor.py:743} INFO - Processing file /home/airflow/.local/lib/python3.7/site-packages/airflow/example_dags/example_branch_operator_decorator.py for tasks to queue
[2023-01-27T06:46:30.931+0000] {logging_mixin.py:137} INFO - [2023-01-27T06:46:30.930+0000] {dagbag.py:538} INFO - Filling up the DagBag from /home/airflow/.local/lib/python3.7/site-packages/airflow/example_dags/example_branch_operator_decorator.py
[2023-01-27T06:46:31.025+0000] {processor.py:753} INFO - DAG(s) dict_keys(['example_branch_python_operator_decorator']) retrieved from /home/airflow/.local/lib/python3.7/site-packages/airflow/example_dags/example_branch_operator_decorator.py
[2023-01-27T06:46:31.600+0000] {logging_mixin.py:137} INFO - [2023-01-27T06:46:31.600+0000] {manager.py:504} INFO - Created Permission View: can delete on DAG:example_branch_python_operator_decorator
[2023-01-27T06:46:31.640+0000] {logging_mixin.py:137} INFO - [2023-01-27T06:46:31.640+0000] {manager.py:504} INFO - Created Permission View: can edit on DAG:example_branch_python_operator_decorator
[2023-01-27T06:46:31.663+0000] {logging_mixin.py:137} INFO - [2023-01-27T06:46:31.662+0000] {manager.py:504} INFO - Created Permission View: can read on DAG:example_branch_python_operator_decorator
[2023-01-27T06:46:31.666+0000] {logging_mixin.py:137} INFO - [2023-01-27T06:46:31.664+0000] {dag.py:2690} INFO - Sync 1 DAGs
[2023-01-27T06:46:31.733+0000] {logging_mixin.py:137} INFO - [2023-01-27T06:46:31.732+0000] {dag.py:2711} INFO - Creating ORM DAG for example_branch_python_operator_decorator
[2023-01-27T06:46:31.794+0000] {logging_mixin.py:137} INFO - [2023-01-27T06:46:31.793+0000] {dag.py:3441} INFO - Setting next_dagrun for example_branch_python_operator_decorator to 2023-01-26T00:00:00+00:00, run_after=2023-01-27T00:00:00+00:00
[2023-01-27T06:46:31.899+0000] {processor.py:175} INFO - Processing /home/airflow/.local/lib/python3.7/site-packages/airflow/example_dags/example_branch_operator_decorator.py took 0.990 seconds
[2023-01-27T06:47:47.061+0000] {processor.py:153} INFO - Started process (PID=361) to work on /home/airflow/.local/lib/python3.7/site-packages/airflow/example_dags/example_branch_operator_decorator.py
[2023-01-27T06:47:47.089+0000] {processor.py:743} INFO - Processing file /home/airflow/.local/lib/python3.7/site-packages/airflow/example_dags/example_branch_operator_decorator.py for tasks to queue
[2023-01-27T06:47:47.099+0000] {logging_mixin.py:137} INFO - [2023-01-27T06:47:47.098+0000] {dagbag.py:538} INFO - Filling up the DagBag from /home/airflow/.local/lib/python3.7/site-packages/airflow/example_dags/example_branch_operator_decorator.py
[2023-01-27T06:47:47.833+0000] {processor.py:753} INFO - DAG(s) dict_keys(['example_branch_python_operator_decorator']) retrieved from /home/airflow/.local/lib/python3.7/site-packages/airflow/example_dags/example_branch_operator_decorator.py
[2023-01-27T06:47:48.197+0000] {logging_mixin.py:137} INFO - [2023-01-27T06:47:48.197+0000] {dag.py:2690} INFO - Sync 1 DAGs
[2023-01-27T06:47:48.479+0000] {logging_mixin.py:137} INFO - [2023-01-27T06:47:48.476+0000] {dag.py:3441} INFO - Setting next_dagrun for example_branch_python_operator_decorator to 2023-01-26T00:00:00+00:00, run_after=2023-01-27T00:00:00+00:00
[2023-01-27T06:47:48.789+0000] {processor.py:175} INFO - Processing /home/airflow/.local/lib/python3.7/site-packages/airflow/example_dags/example_branch_operator_decorator.py took 1.807 seconds
[2023-01-27T06:48:31.786+0000] {processor.py:153} INFO - Started process (PID=418) to work on /home/airflow/.local/lib/python3.7/site-packages/airflow/example_dags/example_branch_operator_decorator.py
[2023-01-27T06:48:31.795+0000] {processor.py:743} INFO - Processing file /home/airflow/.local/lib/python3.7/site-packages/airflow/example_dags/example_branch_operator_decorator.py for tasks to queue
[2023-01-27T06:48:31.798+0000] {logging_mixin.py:137} INFO - [2023-01-27T06:48:31.798+0000] {dagbag.py:538} INFO - Filling up the DagBag from /home/airflow/.local/lib/python3.7/site-packages/airflow/example_dags/example_branch_operator_decorator.py
[2023-01-27T06:48:32.107+0000] {processor.py:753} INFO - DAG(s) dict_keys(['example_branch_python_operator_decorator']) retrieved from /home/airflow/.local/lib/python3.7/site-packages/airflow/example_dags/example_branch_operator_decorator.py
[2023-01-27T06:48:32.452+0000] {logging_mixin.py:137} INFO - [2023-01-27T06:48:32.452+0000] {dag.py:2690} INFO - Sync 1 DAGs
[2023-01-27T06:48:32.691+0000] {logging_mixin.py:137} INFO - [2023-01-27T06:48:32.683+0000] {dag.py:3441} INFO - Setting next_dagrun for example_branch_python_operator_decorator to 2023-01-26T00:00:00+00:00, run_after=2023-01-27T00:00:00+00:00
[2023-01-27T06:48:32.871+0000] {processor.py:175} INFO - Processing /home/airflow/.local/lib/python3.7/site-packages/airflow/example_dags/example_branch_operator_decorator.py took 1.103 seconds
[2023-01-27T06:51:11.803+0000] {processor.py:153} INFO - Started process (PID=517) to work on /home/airflow/.local/lib/python3.7/site-packages/airflow/example_dags/example_branch_operator_decorator.py
[2023-01-27T06:51:12.041+0000] {processor.py:743} INFO - Processing file /home/airflow/.local/lib/python3.7/site-packages/airflow/example_dags/example_branch_operator_decorator.py for tasks to queue
[2023-01-27T06:51:12.070+0000] {logging_mixin.py:137} INFO - [2023-01-27T06:51:12.069+0000] {dagbag.py:538} INFO - Filling up the DagBag from /home/airflow/.local/lib/python3.7/site-packages/airflow/example_dags/example_branch_operator_decorator.py
[2023-01-27T06:51:15.177+0000] {processor.py:753} INFO - DAG(s) dict_keys(['example_branch_python_operator_decorator']) retrieved from /home/airflow/.local/lib/python3.7/site-packages/airflow/example_dags/example_branch_operator_decorator.py
[2023-01-27T06:51:16.437+0000] {logging_mixin.py:137} INFO - [2023-01-27T06:51:16.436+0000] {dag.py:2690} INFO - Sync 1 DAGs
[2023-01-27T06:51:16.895+0000] {logging_mixin.py:137} INFO - [2023-01-27T06:51:16.889+0000] {dag.py:3441} INFO - Setting next_dagrun for example_branch_python_operator_decorator to 2023-01-26T00:00:00+00:00, run_after=2023-01-27T00:00:00+00:00
[2023-01-27T06:51:17.309+0000] {processor.py:175} INFO - Processing /home/airflow/.local/lib/python3.7/site-packages/airflow/example_dags/example_branch_operator_decorator.py took 6.311 seconds
