[2023-01-27T06:47:28.339+0000] {processor.py:153} INFO - Started process (PID=336) to work on /home/airflow/.local/lib/python3.7/site-packages/airflow/example_dags/example_xcomargs.py
[2023-01-27T06:47:28.349+0000] {processor.py:743} INFO - Processing file /home/airflow/.local/lib/python3.7/site-packages/airflow/example_dags/example_xcomargs.py for tasks to queue
[2023-01-27T06:47:28.355+0000] {logging_mixin.py:137} INFO - [2023-01-27T06:47:28.353+0000] {dagbag.py:538} INFO - Filling up the DagBag from /home/airflow/.local/lib/python3.7/site-packages/airflow/example_dags/example_xcomargs.py
[2023-01-27T06:47:28.480+0000] {processor.py:753} INFO - DAG(s) dict_keys(['example_xcom_args', 'example_xcom_args_with_operators']) retrieved from /home/airflow/.local/lib/python3.7/site-packages/airflow/example_dags/example_xcomargs.py
[2023-01-27T06:47:29.944+0000] {logging_mixin.py:137} INFO - [2023-01-27T06:47:29.944+0000] {manager.py:504} INFO - Created Permission View: can delete on DAG:example_xcom_args
[2023-01-27T06:47:30.008+0000] {logging_mixin.py:137} INFO - [2023-01-27T06:47:30.008+0000] {manager.py:504} INFO - Created Permission View: can edit on DAG:example_xcom_args
[2023-01-27T06:47:30.114+0000] {logging_mixin.py:137} INFO - [2023-01-27T06:47:30.114+0000] {manager.py:504} INFO - Created Permission View: can read on DAG:example_xcom_args
[2023-01-27T06:47:30.424+0000] {logging_mixin.py:137} INFO - [2023-01-27T06:47:30.424+0000] {manager.py:504} INFO - Created Permission View: can delete on DAG:example_xcom_args_with_operators
[2023-01-27T06:47:30.494+0000] {logging_mixin.py:137} INFO - [2023-01-27T06:47:30.494+0000] {manager.py:504} INFO - Created Permission View: can edit on DAG:example_xcom_args_with_operators
[2023-01-27T06:47:30.677+0000] {logging_mixin.py:137} INFO - [2023-01-27T06:47:30.676+0000] {manager.py:504} INFO - Created Permission View: can read on DAG:example_xcom_args_with_operators
[2023-01-27T06:47:30.692+0000] {logging_mixin.py:137} INFO - [2023-01-27T06:47:30.691+0000] {dag.py:2690} INFO - Sync 2 DAGs
[2023-01-27T06:47:31.023+0000] {logging_mixin.py:137} INFO - [2023-01-27T06:47:31.023+0000] {dag.py:2711} INFO - Creating ORM DAG for example_xcom_args
[2023-01-27T06:47:31.033+0000] {logging_mixin.py:137} INFO - [2023-01-27T06:47:31.033+0000] {dag.py:2711} INFO - Creating ORM DAG for example_xcom_args_with_operators
[2023-01-27T06:47:31.306+0000] {logging_mixin.py:137} INFO - [2023-01-27T06:47:31.306+0000] {dag.py:3441} INFO - Setting next_dagrun for example_xcom_args to None, run_after=None
[2023-01-27T06:47:31.388+0000] {logging_mixin.py:137} INFO - [2023-01-27T06:47:31.388+0000] {dag.py:3441} INFO - Setting next_dagrun for example_xcom_args_with_operators to None, run_after=None
[2023-01-27T06:47:32.013+0000] {processor.py:175} INFO - Processing /home/airflow/.local/lib/python3.7/site-packages/airflow/example_dags/example_xcomargs.py took 3.695 seconds
[2023-01-27T06:48:25.256+0000] {processor.py:153} INFO - Started process (PID=411) to work on /home/airflow/.local/lib/python3.7/site-packages/airflow/example_dags/example_xcomargs.py
[2023-01-27T06:48:25.276+0000] {processor.py:743} INFO - Processing file /home/airflow/.local/lib/python3.7/site-packages/airflow/example_dags/example_xcomargs.py for tasks to queue
[2023-01-27T06:48:25.295+0000] {logging_mixin.py:137} INFO - [2023-01-27T06:48:25.295+0000] {dagbag.py:538} INFO - Filling up the DagBag from /home/airflow/.local/lib/python3.7/site-packages/airflow/example_dags/example_xcomargs.py
[2023-01-27T06:48:25.854+0000] {processor.py:753} INFO - DAG(s) dict_keys(['example_xcom_args_with_operators', 'example_xcom_args']) retrieved from /home/airflow/.local/lib/python3.7/site-packages/airflow/example_dags/example_xcomargs.py
[2023-01-27T06:48:27.546+0000] {logging_mixin.py:137} INFO - [2023-01-27T06:48:27.504+0000] {dag.py:2690} INFO - Sync 2 DAGs
[2023-01-27T06:48:28.451+0000] {logging_mixin.py:137} INFO - [2023-01-27T06:48:28.450+0000] {dag.py:3441} INFO - Setting next_dagrun for example_xcom_args to None, run_after=None
[2023-01-27T06:48:28.564+0000] {logging_mixin.py:137} INFO - [2023-01-27T06:48:28.561+0000] {dag.py:3441} INFO - Setting next_dagrun for example_xcom_args_with_operators to None, run_after=None
[2023-01-27T06:48:28.927+0000] {processor.py:175} INFO - Processing /home/airflow/.local/lib/python3.7/site-packages/airflow/example_dags/example_xcomargs.py took 3.744 seconds
