[2023-01-27T06:46:31.506+0000] {processor.py:153} INFO - Started process (PID=273) to work on /home/airflow/.local/lib/python3.7/site-packages/airflow/example_dags/example_dag_decorator.py
[2023-01-27T06:46:31.512+0000] {processor.py:743} INFO - Processing file /home/airflow/.local/lib/python3.7/site-packages/airflow/example_dags/example_dag_decorator.py for tasks to queue
[2023-01-27T06:46:31.517+0000] {logging_mixin.py:137} INFO - [2023-01-27T06:46:31.517+0000] {dagbag.py:538} INFO - Filling up the DagBag from /home/airflow/.local/lib/python3.7/site-packages/airflow/example_dags/example_dag_decorator.py
[2023-01-27T06:46:31.587+0000] {logging_mixin.py:137} INFO - [2023-01-27T06:46:31.586+0000] {taskmixin.py:205} WARNING - Dependency <Task(_PythonDecoratedOperator): prepare_email>, send_email already registered for DAG: example_dag_decorator
[2023-01-27T06:46:31.588+0000] {logging_mixin.py:137} INFO - [2023-01-27T06:46:31.588+0000] {taskmixin.py:205} WARNING - Dependency <Task(EmailOperator): send_email>, prepare_email already registered for DAG: example_dag_decorator
[2023-01-27T06:46:31.669+0000] {processor.py:753} INFO - DAG(s) dict_keys(['example_dag_decorator']) retrieved from /home/airflow/.local/lib/python3.7/site-packages/airflow/example_dags/example_dag_decorator.py
[2023-01-27T06:46:32.193+0000] {logging_mixin.py:137} INFO - [2023-01-27T06:46:32.191+0000] {manager.py:504} INFO - Created Permission View: can delete on DAG:example_dag_decorator
[2023-01-27T06:46:32.245+0000] {logging_mixin.py:137} INFO - [2023-01-27T06:46:32.244+0000] {manager.py:504} INFO - Created Permission View: can edit on DAG:example_dag_decorator
[2023-01-27T06:46:32.275+0000] {logging_mixin.py:137} INFO - [2023-01-27T06:46:32.274+0000] {manager.py:504} INFO - Created Permission View: can read on DAG:example_dag_decorator
[2023-01-27T06:46:32.277+0000] {logging_mixin.py:137} INFO - [2023-01-27T06:46:32.277+0000] {dag.py:2690} INFO - Sync 1 DAGs
[2023-01-27T06:46:32.341+0000] {logging_mixin.py:137} INFO - [2023-01-27T06:46:32.340+0000] {dag.py:2711} INFO - Creating ORM DAG for example_dag_decorator
[2023-01-27T06:46:32.417+0000] {logging_mixin.py:137} INFO - [2023-01-27T06:46:32.416+0000] {dag.py:3441} INFO - Setting next_dagrun for example_dag_decorator to None, run_after=None
[2023-01-27T06:46:32.611+0000] {processor.py:175} INFO - Processing /home/airflow/.local/lib/python3.7/site-packages/airflow/example_dags/example_dag_decorator.py took 1.120 seconds
[2023-01-27T06:47:47.048+0000] {processor.py:153} INFO - Started process (PID=362) to work on /home/airflow/.local/lib/python3.7/site-packages/airflow/example_dags/example_dag_decorator.py
[2023-01-27T06:47:47.092+0000] {processor.py:743} INFO - Processing file /home/airflow/.local/lib/python3.7/site-packages/airflow/example_dags/example_dag_decorator.py for tasks to queue
[2023-01-27T06:47:47.102+0000] {logging_mixin.py:137} INFO - [2023-01-27T06:47:47.101+0000] {dagbag.py:538} INFO - Filling up the DagBag from /home/airflow/.local/lib/python3.7/site-packages/airflow/example_dags/example_dag_decorator.py
[2023-01-27T06:47:47.459+0000] {logging_mixin.py:137} INFO - [2023-01-27T06:47:47.457+0000] {taskmixin.py:205} WARNING - Dependency <Task(_PythonDecoratedOperator): prepare_email>, send_email already registered for DAG: example_dag_decorator
[2023-01-27T06:47:47.476+0000] {logging_mixin.py:137} INFO - [2023-01-27T06:47:47.474+0000] {taskmixin.py:205} WARNING - Dependency <Task(EmailOperator): send_email>, prepare_email already registered for DAG: example_dag_decorator
[2023-01-27T06:47:48.398+0000] {processor.py:753} INFO - DAG(s) dict_keys(['example_dag_decorator']) retrieved from /home/airflow/.local/lib/python3.7/site-packages/airflow/example_dags/example_dag_decorator.py
[2023-01-27T06:47:50.024+0000] {logging_mixin.py:137} INFO - [2023-01-27T06:47:50.020+0000] {dag.py:2690} INFO - Sync 1 DAGs
[2023-01-27T06:47:50.285+0000] {logging_mixin.py:137} INFO - [2023-01-27T06:47:50.284+0000] {dag.py:3441} INFO - Setting next_dagrun for example_dag_decorator to None, run_after=None
[2023-01-27T06:47:50.452+0000] {processor.py:175} INFO - Processing /home/airflow/.local/lib/python3.7/site-packages/airflow/example_dags/example_dag_decorator.py took 3.322 seconds
[2023-01-27T06:48:32.801+0000] {processor.py:153} INFO - Started process (PID=419) to work on /home/airflow/.local/lib/python3.7/site-packages/airflow/example_dags/example_dag_decorator.py
[2023-01-27T06:48:32.818+0000] {processor.py:743} INFO - Processing file /home/airflow/.local/lib/python3.7/site-packages/airflow/example_dags/example_dag_decorator.py for tasks to queue
[2023-01-27T06:48:32.834+0000] {logging_mixin.py:137} INFO - [2023-01-27T06:48:32.834+0000] {dagbag.py:538} INFO - Filling up the DagBag from /home/airflow/.local/lib/python3.7/site-packages/airflow/example_dags/example_dag_decorator.py
[2023-01-27T06:48:32.994+0000] {logging_mixin.py:137} INFO - [2023-01-27T06:48:32.989+0000] {taskmixin.py:205} WARNING - Dependency <Task(_PythonDecoratedOperator): prepare_email>, send_email already registered for DAG: example_dag_decorator
[2023-01-27T06:48:33.013+0000] {logging_mixin.py:137} INFO - [2023-01-27T06:48:33.012+0000] {taskmixin.py:205} WARNING - Dependency <Task(EmailOperator): send_email>, prepare_email already registered for DAG: example_dag_decorator
[2023-01-27T06:48:33.260+0000] {processor.py:753} INFO - DAG(s) dict_keys(['example_dag_decorator']) retrieved from /home/airflow/.local/lib/python3.7/site-packages/airflow/example_dags/example_dag_decorator.py
[2023-01-27T06:48:34.243+0000] {logging_mixin.py:137} INFO - [2023-01-27T06:48:34.232+0000] {dag.py:2690} INFO - Sync 1 DAGs
[2023-01-27T06:48:34.853+0000] {logging_mixin.py:137} INFO - [2023-01-27T06:48:34.840+0000] {dag.py:3441} INFO - Setting next_dagrun for example_dag_decorator to None, run_after=None
[2023-01-27T06:48:35.765+0000] {processor.py:175} INFO - Processing /home/airflow/.local/lib/python3.7/site-packages/airflow/example_dags/example_dag_decorator.py took 2.972 seconds
[2023-01-27T06:51:13.884+0000] {processor.py:153} INFO - Started process (PID=520) to work on /home/airflow/.local/lib/python3.7/site-packages/airflow/example_dags/example_dag_decorator.py
[2023-01-27T06:51:13.904+0000] {processor.py:743} INFO - Processing file /home/airflow/.local/lib/python3.7/site-packages/airflow/example_dags/example_dag_decorator.py for tasks to queue
[2023-01-27T06:51:13.937+0000] {logging_mixin.py:137} INFO - [2023-01-27T06:51:13.936+0000] {dagbag.py:538} INFO - Filling up the DagBag from /home/airflow/.local/lib/python3.7/site-packages/airflow/example_dags/example_dag_decorator.py
[2023-01-27T06:51:14.518+0000] {logging_mixin.py:137} INFO - [2023-01-27T06:51:14.516+0000] {taskmixin.py:205} WARNING - Dependency <Task(_PythonDecoratedOperator): prepare_email>, send_email already registered for DAG: example_dag_decorator
[2023-01-27T06:51:14.537+0000] {logging_mixin.py:137} INFO - [2023-01-27T06:51:14.537+0000] {taskmixin.py:205} WARNING - Dependency <Task(EmailOperator): send_email>, prepare_email already registered for DAG: example_dag_decorator
[2023-01-27T06:51:16.093+0000] {processor.py:753} INFO - DAG(s) dict_keys(['example_dag_decorator']) retrieved from /home/airflow/.local/lib/python3.7/site-packages/airflow/example_dags/example_dag_decorator.py
[2023-01-27T06:51:18.744+0000] {logging_mixin.py:137} INFO - [2023-01-27T06:51:18.732+0000] {dag.py:2690} INFO - Sync 1 DAGs
[2023-01-27T06:51:19.713+0000] {logging_mixin.py:137} INFO - [2023-01-27T06:51:19.713+0000] {dag.py:3441} INFO - Setting next_dagrun for example_dag_decorator to None, run_after=None
[2023-01-27T06:51:20.427+0000] {processor.py:175} INFO - Processing /home/airflow/.local/lib/python3.7/site-packages/airflow/example_dags/example_dag_decorator.py took 6.955 seconds
