[2023-01-27T06:46:35.845+0000] {processor.py:153} INFO - Started process (PID=277) to work on /home/airflow/.local/lib/python3.7/site-packages/airflow/example_dags/example_skip_dag.py
[2023-01-27T06:46:35.863+0000] {processor.py:743} INFO - Processing file /home/airflow/.local/lib/python3.7/site-packages/airflow/example_dags/example_skip_dag.py for tasks to queue
[2023-01-27T06:46:35.871+0000] {logging_mixin.py:137} INFO - [2023-01-27T06:46:35.870+0000] {dagbag.py:538} INFO - Filling up the DagBag from /home/airflow/.local/lib/python3.7/site-packages/airflow/example_dags/example_skip_dag.py
[2023-01-27T06:46:35.938+0000] {processor.py:753} INFO - DAG(s) dict_keys(['example_skip_dag']) retrieved from /home/airflow/.local/lib/python3.7/site-packages/airflow/example_dags/example_skip_dag.py
[2023-01-27T06:46:36.588+0000] {logging_mixin.py:137} INFO - [2023-01-27T06:46:36.587+0000] {manager.py:504} INFO - Created Permission View: can delete on DAG:example_skip_dag
[2023-01-27T06:46:36.656+0000] {logging_mixin.py:137} INFO - [2023-01-27T06:46:36.655+0000] {manager.py:504} INFO - Created Permission View: can edit on DAG:example_skip_dag
[2023-01-27T06:46:36.739+0000] {logging_mixin.py:137} INFO - [2023-01-27T06:46:36.739+0000] {manager.py:504} INFO - Created Permission View: can read on DAG:example_skip_dag
[2023-01-27T06:46:36.743+0000] {logging_mixin.py:137} INFO - [2023-01-27T06:46:36.742+0000] {dag.py:2690} INFO - Sync 1 DAGs
[2023-01-27T06:46:37.094+0000] {logging_mixin.py:137} INFO - [2023-01-27T06:46:37.093+0000] {dag.py:2711} INFO - Creating ORM DAG for example_skip_dag
[2023-01-27T06:46:37.438+0000] {logging_mixin.py:137} INFO - [2023-01-27T06:46:37.438+0000] {dag.py:3441} INFO - Setting next_dagrun for example_skip_dag to 2023-01-26T06:46:37.416783+00:00, run_after=2023-01-27T06:46:37.416783+00:00
[2023-01-27T06:46:37.626+0000] {processor.py:175} INFO - Processing /home/airflow/.local/lib/python3.7/site-packages/airflow/example_dags/example_skip_dag.py took 1.792 seconds
[2023-01-27T06:47:55.057+0000] {processor.py:153} INFO - Started process (PID=366) to work on /home/airflow/.local/lib/python3.7/site-packages/airflow/example_dags/example_skip_dag.py
[2023-01-27T06:47:55.070+0000] {processor.py:743} INFO - Processing file /home/airflow/.local/lib/python3.7/site-packages/airflow/example_dags/example_skip_dag.py for tasks to queue
[2023-01-27T06:47:55.088+0000] {logging_mixin.py:137} INFO - [2023-01-27T06:47:55.087+0000] {dagbag.py:538} INFO - Filling up the DagBag from /home/airflow/.local/lib/python3.7/site-packages/airflow/example_dags/example_skip_dag.py
[2023-01-27T06:47:55.223+0000] {processor.py:753} INFO - DAG(s) dict_keys(['example_skip_dag']) retrieved from /home/airflow/.local/lib/python3.7/site-packages/airflow/example_dags/example_skip_dag.py
[2023-01-27T06:47:55.490+0000] {logging_mixin.py:137} INFO - [2023-01-27T06:47:55.489+0000] {dag.py:2690} INFO - Sync 1 DAGs
[2023-01-27T06:47:55.788+0000] {logging_mixin.py:137} INFO - [2023-01-27T06:47:55.779+0000] {dag.py:3441} INFO - Setting next_dagrun for example_skip_dag to 2023-01-26T06:47:55.777867+00:00, run_after=2023-01-27T06:47:55.777867+00:00
[2023-01-27T06:47:55.932+0000] {processor.py:175} INFO - Processing /home/airflow/.local/lib/python3.7/site-packages/airflow/example_dags/example_skip_dag.py took 0.910 seconds
[2023-01-27T06:48:44.898+0000] {processor.py:153} INFO - Started process (PID=437) to work on /home/airflow/.local/lib/python3.7/site-packages/airflow/example_dags/example_skip_dag.py
[2023-01-27T06:48:44.909+0000] {processor.py:743} INFO - Processing file /home/airflow/.local/lib/python3.7/site-packages/airflow/example_dags/example_skip_dag.py for tasks to queue
[2023-01-27T06:48:45.167+0000] {logging_mixin.py:137} INFO - [2023-01-27T06:48:45.162+0000] {dagbag.py:538} INFO - Filling up the DagBag from /home/airflow/.local/lib/python3.7/site-packages/airflow/example_dags/example_skip_dag.py
[2023-01-27T06:48:46.271+0000] {processor.py:753} INFO - DAG(s) dict_keys(['example_skip_dag']) retrieved from /home/airflow/.local/lib/python3.7/site-packages/airflow/example_dags/example_skip_dag.py
[2023-01-27T06:48:49.664+0000] {logging_mixin.py:137} INFO - [2023-01-27T06:48:49.626+0000] {dag.py:2690} INFO - Sync 1 DAGs
[2023-01-27T06:48:51.949+0000] {logging_mixin.py:137} INFO - [2023-01-27T06:48:51.946+0000] {dag.py:3441} INFO - Setting next_dagrun for example_skip_dag to 2023-01-26T06:48:51.921018+00:00, run_after=2023-01-27T06:48:51.921018+00:00
[2023-01-27T06:48:55.827+0000] {processor.py:175} INFO - Processing /home/airflow/.local/lib/python3.7/site-packages/airflow/example_dags/example_skip_dag.py took 10.616 seconds
[2023-01-27T06:52:09.709+0000] {processor.py:153} INFO - Started process (PID=541) to work on /home/airflow/.local/lib/python3.7/site-packages/airflow/example_dags/example_skip_dag.py
[2023-01-27T06:52:10.297+0000] {processor.py:743} INFO - Processing file /home/airflow/.local/lib/python3.7/site-packages/airflow/example_dags/example_skip_dag.py for tasks to queue
[2023-01-27T06:52:10.605+0000] {logging_mixin.py:137} INFO - [2023-01-27T06:52:10.575+0000] {dagbag.py:538} INFO - Filling up the DagBag from /home/airflow/.local/lib/python3.7/site-packages/airflow/example_dags/example_skip_dag.py
[2023-01-27T06:52:15.575+0000] {processor.py:753} INFO - DAG(s) dict_keys(['example_skip_dag']) retrieved from /home/airflow/.local/lib/python3.7/site-packages/airflow/example_dags/example_skip_dag.py
[2023-01-27T06:52:46.112+0000] {logging_mixin.py:137} INFO - [2023-01-27T06:52:45.141+0000] {dag.py:2690} INFO - Sync 1 DAGs
