[2023-01-27T06:46:33.284+0000] {processor.py:153} INFO - Started process (PID=276) to work on /home/airflow/.local/lib/python3.7/site-packages/airflow/example_dags/example_complex.py
[2023-01-27T06:46:33.287+0000] {processor.py:743} INFO - Processing file /home/airflow/.local/lib/python3.7/site-packages/airflow/example_dags/example_complex.py for tasks to queue
[2023-01-27T06:46:33.292+0000] {logging_mixin.py:137} INFO - [2023-01-27T06:46:33.292+0000] {dagbag.py:538} INFO - Filling up the DagBag from /home/airflow/.local/lib/python3.7/site-packages/airflow/example_dags/example_complex.py
[2023-01-27T06:46:33.346+0000] {logging_mixin.py:137} INFO - [2023-01-27T06:46:33.345+0000] {taskmixin.py:205} WARNING - Dependency <Task(BashOperator): create_entry_group>, delete_entry_group already registered for DAG: example_complex
[2023-01-27T06:46:33.354+0000] {logging_mixin.py:137} INFO - [2023-01-27T06:46:33.354+0000] {taskmixin.py:205} WARNING - Dependency <Task(BashOperator): delete_entry_group>, create_entry_group already registered for DAG: example_complex
[2023-01-27T06:46:33.359+0000] {logging_mixin.py:137} INFO - [2023-01-27T06:46:33.358+0000] {taskmixin.py:205} WARNING - Dependency <Task(BashOperator): create_entry_gcs>, delete_entry already registered for DAG: example_complex
[2023-01-27T06:46:33.369+0000] {logging_mixin.py:137} INFO - [2023-01-27T06:46:33.369+0000] {taskmixin.py:205} WARNING - Dependency <Task(BashOperator): delete_entry>, create_entry_gcs already registered for DAG: example_complex
[2023-01-27T06:46:33.375+0000] {logging_mixin.py:137} INFO - [2023-01-27T06:46:33.375+0000] {taskmixin.py:205} WARNING - Dependency <Task(BashOperator): create_tag>, delete_tag already registered for DAG: example_complex
[2023-01-27T06:46:33.384+0000] {logging_mixin.py:137} INFO - [2023-01-27T06:46:33.382+0000] {taskmixin.py:205} WARNING - Dependency <Task(BashOperator): delete_tag>, create_tag already registered for DAG: example_complex
[2023-01-27T06:46:33.437+0000] {processor.py:753} INFO - DAG(s) dict_keys(['example_complex']) retrieved from /home/airflow/.local/lib/python3.7/site-packages/airflow/example_dags/example_complex.py
[2023-01-27T06:46:35.457+0000] {logging_mixin.py:137} INFO - [2023-01-27T06:46:35.457+0000] {manager.py:504} INFO - Created Permission View: can delete on DAG:example_complex
[2023-01-27T06:46:35.520+0000] {logging_mixin.py:137} INFO - [2023-01-27T06:46:35.519+0000] {manager.py:504} INFO - Created Permission View: can edit on DAG:example_complex
[2023-01-27T06:46:35.558+0000] {logging_mixin.py:137} INFO - [2023-01-27T06:46:35.558+0000] {manager.py:504} INFO - Created Permission View: can read on DAG:example_complex
[2023-01-27T06:46:35.573+0000] {logging_mixin.py:137} INFO - [2023-01-27T06:46:35.572+0000] {dag.py:2690} INFO - Sync 1 DAGs
[2023-01-27T06:46:35.721+0000] {logging_mixin.py:137} INFO - [2023-01-27T06:46:35.721+0000] {dag.py:2711} INFO - Creating ORM DAG for example_complex
[2023-01-27T06:46:35.774+0000] {logging_mixin.py:137} INFO - [2023-01-27T06:46:35.773+0000] {dag.py:3441} INFO - Setting next_dagrun for example_complex to None, run_after=None
[2023-01-27T06:46:35.856+0000] {processor.py:175} INFO - Processing /home/airflow/.local/lib/python3.7/site-packages/airflow/example_dags/example_complex.py took 2.580 seconds
[2023-01-27T06:47:54.640+0000] {processor.py:153} INFO - Started process (PID=365) to work on /home/airflow/.local/lib/python3.7/site-packages/airflow/example_dags/example_complex.py
[2023-01-27T06:47:54.660+0000] {processor.py:743} INFO - Processing file /home/airflow/.local/lib/python3.7/site-packages/airflow/example_dags/example_complex.py for tasks to queue
[2023-01-27T06:47:54.685+0000] {logging_mixin.py:137} INFO - [2023-01-27T06:47:54.684+0000] {dagbag.py:538} INFO - Filling up the DagBag from /home/airflow/.local/lib/python3.7/site-packages/airflow/example_dags/example_complex.py
[2023-01-27T06:47:54.881+0000] {logging_mixin.py:137} INFO - [2023-01-27T06:47:54.878+0000] {taskmixin.py:205} WARNING - Dependency <Task(BashOperator): create_entry_group>, delete_entry_group already registered for DAG: example_complex
[2023-01-27T06:47:54.889+0000] {logging_mixin.py:137} INFO - [2023-01-27T06:47:54.889+0000] {taskmixin.py:205} WARNING - Dependency <Task(BashOperator): delete_entry_group>, create_entry_group already registered for DAG: example_complex
[2023-01-27T06:47:54.905+0000] {logging_mixin.py:137} INFO - [2023-01-27T06:47:54.904+0000] {taskmixin.py:205} WARNING - Dependency <Task(BashOperator): create_entry_gcs>, delete_entry already registered for DAG: example_complex
[2023-01-27T06:47:54.918+0000] {logging_mixin.py:137} INFO - [2023-01-27T06:47:54.918+0000] {taskmixin.py:205} WARNING - Dependency <Task(BashOperator): delete_entry>, create_entry_gcs already registered for DAG: example_complex
[2023-01-27T06:47:54.931+0000] {logging_mixin.py:137} INFO - [2023-01-27T06:47:54.930+0000] {taskmixin.py:205} WARNING - Dependency <Task(BashOperator): create_tag>, delete_tag already registered for DAG: example_complex
[2023-01-27T06:47:54.943+0000] {logging_mixin.py:137} INFO - [2023-01-27T06:47:54.942+0000] {taskmixin.py:205} WARNING - Dependency <Task(BashOperator): delete_tag>, create_tag already registered for DAG: example_complex
[2023-01-27T06:47:55.069+0000] {processor.py:753} INFO - DAG(s) dict_keys(['example_complex']) retrieved from /home/airflow/.local/lib/python3.7/site-packages/airflow/example_dags/example_complex.py
[2023-01-27T06:47:55.393+0000] {logging_mixin.py:137} INFO - [2023-01-27T06:47:55.392+0000] {dag.py:2690} INFO - Sync 1 DAGs
[2023-01-27T06:47:55.588+0000] {logging_mixin.py:137} INFO - [2023-01-27T06:47:55.587+0000] {dag.py:3441} INFO - Setting next_dagrun for example_complex to None, run_after=None
[2023-01-27T06:47:55.719+0000] {processor.py:175} INFO - Processing /home/airflow/.local/lib/python3.7/site-packages/airflow/example_dags/example_complex.py took 1.117 seconds
[2023-01-27T06:48:37.086+0000] {processor.py:153} INFO - Started process (PID=422) to work on /home/airflow/.local/lib/python3.7/site-packages/airflow/example_dags/example_complex.py
[2023-01-27T06:48:37.136+0000] {processor.py:743} INFO - Processing file /home/airflow/.local/lib/python3.7/site-packages/airflow/example_dags/example_complex.py for tasks to queue
[2023-01-27T06:48:37.198+0000] {logging_mixin.py:137} INFO - [2023-01-27T06:48:37.190+0000] {dagbag.py:538} INFO - Filling up the DagBag from /home/airflow/.local/lib/python3.7/site-packages/airflow/example_dags/example_complex.py
[2023-01-27T06:48:37.567+0000] {logging_mixin.py:137} INFO - [2023-01-27T06:48:37.565+0000] {taskmixin.py:205} WARNING - Dependency <Task(BashOperator): create_entry_group>, delete_entry_group already registered for DAG: example_complex
[2023-01-27T06:48:37.580+0000] {logging_mixin.py:137} INFO - [2023-01-27T06:48:37.580+0000] {taskmixin.py:205} WARNING - Dependency <Task(BashOperator): delete_entry_group>, create_entry_group already registered for DAG: example_complex
[2023-01-27T06:48:37.586+0000] {logging_mixin.py:137} INFO - [2023-01-27T06:48:37.586+0000] {taskmixin.py:205} WARNING - Dependency <Task(BashOperator): create_entry_gcs>, delete_entry already registered for DAG: example_complex
[2023-01-27T06:48:37.592+0000] {logging_mixin.py:137} INFO - [2023-01-27T06:48:37.590+0000] {taskmixin.py:205} WARNING - Dependency <Task(BashOperator): delete_entry>, create_entry_gcs already registered for DAG: example_complex
[2023-01-27T06:48:37.671+0000] {logging_mixin.py:137} INFO - [2023-01-27T06:48:37.671+0000] {taskmixin.py:205} WARNING - Dependency <Task(BashOperator): create_tag>, delete_tag already registered for DAG: example_complex
[2023-01-27T06:48:37.689+0000] {logging_mixin.py:137} INFO - [2023-01-27T06:48:37.688+0000] {taskmixin.py:205} WARNING - Dependency <Task(BashOperator): delete_tag>, create_tag already registered for DAG: example_complex
[2023-01-27T06:48:37.873+0000] {processor.py:753} INFO - DAG(s) dict_keys(['example_complex']) retrieved from /home/airflow/.local/lib/python3.7/site-packages/airflow/example_dags/example_complex.py
[2023-01-27T06:48:38.723+0000] {logging_mixin.py:137} INFO - [2023-01-27T06:48:38.722+0000] {dag.py:2690} INFO - Sync 1 DAGs
[2023-01-27T06:48:39.738+0000] {logging_mixin.py:137} INFO - [2023-01-27T06:48:39.737+0000] {dag.py:3441} INFO - Setting next_dagrun for example_complex to None, run_after=None
[2023-01-27T06:48:44.103+0000] {processor.py:175} INFO - Processing /home/airflow/.local/lib/python3.7/site-packages/airflow/example_dags/example_complex.py took 7.535 seconds
[2023-01-27T06:52:09.657+0000] {processor.py:153} INFO - Started process (PID=540) to work on /home/airflow/.local/lib/python3.7/site-packages/airflow/example_dags/example_complex.py
[2023-01-27T06:52:10.357+0000] {processor.py:743} INFO - Processing file /home/airflow/.local/lib/python3.7/site-packages/airflow/example_dags/example_complex.py for tasks to queue
[2023-01-27T06:52:10.568+0000] {logging_mixin.py:137} INFO - [2023-01-27T06:52:10.562+0000] {dagbag.py:538} INFO - Filling up the DagBag from /home/airflow/.local/lib/python3.7/site-packages/airflow/example_dags/example_complex.py
[2023-01-27T06:52:13.543+0000] {logging_mixin.py:137} INFO - [2023-01-27T06:52:13.536+0000] {taskmixin.py:205} WARNING - Dependency <Task(BashOperator): create_entry_group>, delete_entry_group already registered for DAG: example_complex
[2023-01-27T06:52:13.563+0000] {logging_mixin.py:137} INFO - [2023-01-27T06:52:13.562+0000] {taskmixin.py:205} WARNING - Dependency <Task(BashOperator): delete_entry_group>, create_entry_group already registered for DAG: example_complex
[2023-01-27T06:52:13.579+0000] {logging_mixin.py:137} INFO - [2023-01-27T06:52:13.579+0000] {taskmixin.py:205} WARNING - Dependency <Task(BashOperator): create_entry_gcs>, delete_entry already registered for DAG: example_complex
[2023-01-27T06:52:13.592+0000] {logging_mixin.py:137} INFO - [2023-01-27T06:52:13.591+0000] {taskmixin.py:205} WARNING - Dependency <Task(BashOperator): delete_entry>, create_entry_gcs already registered for DAG: example_complex
[2023-01-27T06:52:13.599+0000] {logging_mixin.py:137} INFO - [2023-01-27T06:52:13.599+0000] {taskmixin.py:205} WARNING - Dependency <Task(BashOperator): create_tag>, delete_tag already registered for DAG: example_complex
[2023-01-27T06:52:13.609+0000] {logging_mixin.py:137} INFO - [2023-01-27T06:52:13.609+0000] {taskmixin.py:205} WARNING - Dependency <Task(BashOperator): delete_tag>, create_tag already registered for DAG: example_complex
[2023-01-27T06:52:15.561+0000] {processor.py:753} INFO - DAG(s) dict_keys(['example_complex']) retrieved from /home/airflow/.local/lib/python3.7/site-packages/airflow/example_dags/example_complex.py
