[2023-01-27T06:46:27.215+0000] {processor.py:153} INFO - Started process (PID=262) to work on /home/airflow/.local/lib/python3.7/site-packages/airflow/example_dags/example_kubernetes_executor.py
[2023-01-27T06:46:27.222+0000] {processor.py:743} INFO - Processing file /home/airflow/.local/lib/python3.7/site-packages/airflow/example_dags/example_kubernetes_executor.py for tasks to queue
[2023-01-27T06:46:27.229+0000] {logging_mixin.py:137} INFO - [2023-01-27T06:46:27.229+0000] {dagbag.py:538} INFO - Filling up the DagBag from /home/airflow/.local/lib/python3.7/site-packages/airflow/example_dags/example_kubernetes_executor.py
[2023-01-27T06:46:27.569+0000] {processor.py:753} INFO - DAG(s) dict_keys(['example_kubernetes_executor']) retrieved from /home/airflow/.local/lib/python3.7/site-packages/airflow/example_dags/example_kubernetes_executor.py
[2023-01-27T06:46:28.421+0000] {logging_mixin.py:137} INFO - [2023-01-27T06:46:28.421+0000] {manager.py:504} INFO - Created Permission View: can delete on DAG:example_kubernetes_executor
[2023-01-27T06:46:28.485+0000] {logging_mixin.py:137} INFO - [2023-01-27T06:46:28.481+0000] {manager.py:504} INFO - Created Permission View: can edit on DAG:example_kubernetes_executor
[2023-01-27T06:46:28.532+0000] {logging_mixin.py:137} INFO - [2023-01-27T06:46:28.531+0000] {manager.py:504} INFO - Created Permission View: can read on DAG:example_kubernetes_executor
[2023-01-27T06:46:28.566+0000] {logging_mixin.py:137} INFO - [2023-01-27T06:46:28.565+0000] {dag.py:2690} INFO - Sync 1 DAGs
[2023-01-27T06:46:28.688+0000] {logging_mixin.py:137} INFO - [2023-01-27T06:46:28.687+0000] {dag.py:2711} INFO - Creating ORM DAG for example_kubernetes_executor
[2023-01-27T06:46:28.795+0000] {logging_mixin.py:137} INFO - [2023-01-27T06:46:28.794+0000] {dag.py:3441} INFO - Setting next_dagrun for example_kubernetes_executor to None, run_after=None
[2023-01-27T06:46:29.058+0000] {processor.py:175} INFO - Processing /home/airflow/.local/lib/python3.7/site-packages/airflow/example_dags/example_kubernetes_executor.py took 1.849 seconds
[2023-01-27T06:47:39.819+0000] {processor.py:153} INFO - Started process (PID=349) to work on /home/airflow/.local/lib/python3.7/site-packages/airflow/example_dags/example_kubernetes_executor.py
[2023-01-27T06:47:39.839+0000] {processor.py:743} INFO - Processing file /home/airflow/.local/lib/python3.7/site-packages/airflow/example_dags/example_kubernetes_executor.py for tasks to queue
[2023-01-27T06:47:39.860+0000] {logging_mixin.py:137} INFO - [2023-01-27T06:47:39.860+0000] {dagbag.py:538} INFO - Filling up the DagBag from /home/airflow/.local/lib/python3.7/site-packages/airflow/example_dags/example_kubernetes_executor.py
[2023-01-27T06:47:40.873+0000] {processor.py:753} INFO - DAG(s) dict_keys(['example_kubernetes_executor']) retrieved from /home/airflow/.local/lib/python3.7/site-packages/airflow/example_dags/example_kubernetes_executor.py
[2023-01-27T06:47:41.667+0000] {logging_mixin.py:137} INFO - [2023-01-27T06:47:41.666+0000] {dag.py:2690} INFO - Sync 1 DAGs
[2023-01-27T06:47:42.260+0000] {logging_mixin.py:137} INFO - [2023-01-27T06:47:42.260+0000] {dag.py:3441} INFO - Setting next_dagrun for example_kubernetes_executor to None, run_after=None
[2023-01-27T06:47:42.603+0000] {processor.py:175} INFO - Processing /home/airflow/.local/lib/python3.7/site-packages/airflow/example_dags/example_kubernetes_executor.py took 2.806 seconds
[2023-01-27T06:48:22.593+0000] {processor.py:153} INFO - Started process (PID=402) to work on /home/airflow/.local/lib/python3.7/site-packages/airflow/example_dags/example_kubernetes_executor.py
[2023-01-27T06:48:22.601+0000] {processor.py:743} INFO - Processing file /home/airflow/.local/lib/python3.7/site-packages/airflow/example_dags/example_kubernetes_executor.py for tasks to queue
[2023-01-27T06:48:22.618+0000] {logging_mixin.py:137} INFO - [2023-01-27T06:48:22.618+0000] {dagbag.py:538} INFO - Filling up the DagBag from /home/airflow/.local/lib/python3.7/site-packages/airflow/example_dags/example_kubernetes_executor.py
[2023-01-27T06:48:23.162+0000] {processor.py:753} INFO - DAG(s) dict_keys(['example_kubernetes_executor']) retrieved from /home/airflow/.local/lib/python3.7/site-packages/airflow/example_dags/example_kubernetes_executor.py
[2023-01-27T06:48:23.490+0000] {logging_mixin.py:137} INFO - [2023-01-27T06:48:23.489+0000] {dag.py:2690} INFO - Sync 1 DAGs
[2023-01-27T06:48:23.678+0000] {logging_mixin.py:137} INFO - [2023-01-27T06:48:23.678+0000] {dag.py:3441} INFO - Setting next_dagrun for example_kubernetes_executor to None, run_after=None
[2023-01-27T06:48:24.103+0000] {processor.py:175} INFO - Processing /home/airflow/.local/lib/python3.7/site-packages/airflow/example_dags/example_kubernetes_executor.py took 1.533 seconds
[2023-01-27T06:51:05.558+0000] {processor.py:153} INFO - Started process (PID=507) to work on /home/airflow/.local/lib/python3.7/site-packages/airflow/example_dags/example_kubernetes_executor.py
[2023-01-27T06:51:05.599+0000] {processor.py:743} INFO - Processing file /home/airflow/.local/lib/python3.7/site-packages/airflow/example_dags/example_kubernetes_executor.py for tasks to queue
[2023-01-27T06:51:05.616+0000] {logging_mixin.py:137} INFO - [2023-01-27T06:51:05.615+0000] {dagbag.py:538} INFO - Filling up the DagBag from /home/airflow/.local/lib/python3.7/site-packages/airflow/example_dags/example_kubernetes_executor.py
[2023-01-27T06:51:08.244+0000] {processor.py:753} INFO - DAG(s) dict_keys(['example_kubernetes_executor']) retrieved from /home/airflow/.local/lib/python3.7/site-packages/airflow/example_dags/example_kubernetes_executor.py
[2023-01-27T06:51:09.073+0000] {logging_mixin.py:137} INFO - [2023-01-27T06:51:09.072+0000] {dag.py:2690} INFO - Sync 1 DAGs
[2023-01-27T06:51:09.299+0000] {logging_mixin.py:137} INFO - [2023-01-27T06:51:09.298+0000] {dag.py:3441} INFO - Setting next_dagrun for example_kubernetes_executor to None, run_after=None
[2023-01-27T06:51:09.884+0000] {processor.py:175} INFO - Processing /home/airflow/.local/lib/python3.7/site-packages/airflow/example_dags/example_kubernetes_executor.py took 4.346 seconds
