[2023-01-27T06:46:32.780+0000] {processor.py:153} INFO - Started process (PID=275) to work on /home/airflow/.local/lib/python3.7/site-packages/airflow/example_dags/example_datasets.py
[2023-01-27T06:46:32.784+0000] {processor.py:743} INFO - Processing file /home/airflow/.local/lib/python3.7/site-packages/airflow/example_dags/example_datasets.py for tasks to queue
[2023-01-27T06:46:32.786+0000] {logging_mixin.py:137} INFO - [2023-01-27T06:46:32.786+0000] {dagbag.py:538} INFO - Filling up the DagBag from /home/airflow/.local/lib/python3.7/site-packages/airflow/example_dags/example_datasets.py
[2023-01-27T06:46:32.869+0000] {processor.py:753} INFO - DAG(s) dict_keys(['dataset_consumes_1', 'dataset_consumes_1_never_scheduled', 'dataset_consumes_unknown_never_scheduled', 'dataset_produces_1', 'dataset_produces_2', 'dataset_consumes_1_and_2']) retrieved from /home/airflow/.local/lib/python3.7/site-packages/airflow/example_dags/example_datasets.py
[2023-01-27T06:46:33.413+0000] {logging_mixin.py:137} INFO - [2023-01-27T06:46:33.412+0000] {manager.py:504} INFO - Created Permission View: can delete on DAG:dataset_consumes_1
[2023-01-27T06:46:33.495+0000] {logging_mixin.py:137} INFO - [2023-01-27T06:46:33.494+0000] {manager.py:504} INFO - Created Permission View: can edit on DAG:dataset_consumes_1
[2023-01-27T06:46:33.566+0000] {logging_mixin.py:137} INFO - [2023-01-27T06:46:33.566+0000] {manager.py:504} INFO - Created Permission View: can read on DAG:dataset_consumes_1
[2023-01-27T06:46:33.655+0000] {logging_mixin.py:137} INFO - [2023-01-27T06:46:33.654+0000] {manager.py:504} INFO - Created Permission View: can delete on DAG:dataset_consumes_1_never_scheduled
[2023-01-27T06:46:33.679+0000] {logging_mixin.py:137} INFO - [2023-01-27T06:46:33.679+0000] {manager.py:504} INFO - Created Permission View: can edit on DAG:dataset_consumes_1_never_scheduled
[2023-01-27T06:46:33.702+0000] {logging_mixin.py:137} INFO - [2023-01-27T06:46:33.702+0000] {manager.py:504} INFO - Created Permission View: can read on DAG:dataset_consumes_1_never_scheduled
[2023-01-27T06:46:33.760+0000] {logging_mixin.py:137} INFO - [2023-01-27T06:46:33.758+0000] {manager.py:504} INFO - Created Permission View: can delete on DAG:dataset_consumes_unknown_never_scheduled
[2023-01-27T06:46:33.783+0000] {logging_mixin.py:137} INFO - [2023-01-27T06:46:33.783+0000] {manager.py:504} INFO - Created Permission View: can edit on DAG:dataset_consumes_unknown_never_scheduled
[2023-01-27T06:46:33.813+0000] {logging_mixin.py:137} INFO - [2023-01-27T06:46:33.812+0000] {manager.py:504} INFO - Created Permission View: can read on DAG:dataset_consumes_unknown_never_scheduled
[2023-01-27T06:46:33.875+0000] {logging_mixin.py:137} INFO - [2023-01-27T06:46:33.874+0000] {manager.py:504} INFO - Created Permission View: can delete on DAG:dataset_produces_1
[2023-01-27T06:46:33.923+0000] {logging_mixin.py:137} INFO - [2023-01-27T06:46:33.922+0000] {manager.py:504} INFO - Created Permission View: can edit on DAG:dataset_produces_1
[2023-01-27T06:46:33.966+0000] {logging_mixin.py:137} INFO - [2023-01-27T06:46:33.964+0000] {manager.py:504} INFO - Created Permission View: can read on DAG:dataset_produces_1
[2023-01-27T06:46:34.039+0000] {logging_mixin.py:137} INFO - [2023-01-27T06:46:34.038+0000] {manager.py:504} INFO - Created Permission View: can delete on DAG:dataset_produces_2
[2023-01-27T06:46:34.062+0000] {logging_mixin.py:137} INFO - [2023-01-27T06:46:34.061+0000] {manager.py:504} INFO - Created Permission View: can edit on DAG:dataset_produces_2
[2023-01-27T06:46:34.095+0000] {logging_mixin.py:137} INFO - [2023-01-27T06:46:34.095+0000] {manager.py:504} INFO - Created Permission View: can read on DAG:dataset_produces_2
[2023-01-27T06:46:34.156+0000] {logging_mixin.py:137} INFO - [2023-01-27T06:46:34.155+0000] {manager.py:504} INFO - Created Permission View: can delete on DAG:dataset_consumes_1_and_2
[2023-01-27T06:46:34.184+0000] {logging_mixin.py:137} INFO - [2023-01-27T06:46:34.184+0000] {manager.py:504} INFO - Created Permission View: can edit on DAG:dataset_consumes_1_and_2
[2023-01-27T06:46:34.219+0000] {logging_mixin.py:137} INFO - [2023-01-27T06:46:34.219+0000] {manager.py:504} INFO - Created Permission View: can read on DAG:dataset_consumes_1_and_2
[2023-01-27T06:46:34.223+0000] {logging_mixin.py:137} INFO - [2023-01-27T06:46:34.222+0000] {dag.py:2690} INFO - Sync 6 DAGs
[2023-01-27T06:46:34.623+0000] {logging_mixin.py:137} INFO - [2023-01-27T06:46:34.622+0000] {dag.py:2711} INFO - Creating ORM DAG for dataset_produces_1
[2023-01-27T06:46:34.648+0000] {logging_mixin.py:137} INFO - [2023-01-27T06:46:34.647+0000] {dag.py:2711} INFO - Creating ORM DAG for dataset_consumes_1
[2023-01-27T06:46:34.651+0000] {logging_mixin.py:137} INFO - [2023-01-27T06:46:34.651+0000] {dag.py:2711} INFO - Creating ORM DAG for dataset_consumes_1_and_2
[2023-01-27T06:46:34.667+0000] {logging_mixin.py:137} INFO - [2023-01-27T06:46:34.666+0000] {dag.py:2711} INFO - Creating ORM DAG for dataset_produces_2
[2023-01-27T06:46:34.685+0000] {logging_mixin.py:137} INFO - [2023-01-27T06:46:34.684+0000] {dag.py:2711} INFO - Creating ORM DAG for dataset_consumes_1_never_scheduled
[2023-01-27T06:46:34.703+0000] {logging_mixin.py:137} INFO - [2023-01-27T06:46:34.702+0000] {dag.py:2711} INFO - Creating ORM DAG for dataset_consumes_unknown_never_scheduled
[2023-01-27T06:46:34.882+0000] {logging_mixin.py:137} INFO - [2023-01-27T06:46:34.881+0000] {dag.py:3441} INFO - Setting next_dagrun for dataset_consumes_1 to None, run_after=None
[2023-01-27T06:46:34.889+0000] {logging_mixin.py:137} INFO - [2023-01-27T06:46:34.889+0000] {dag.py:3441} INFO - Setting next_dagrun for dataset_consumes_1_and_2 to None, run_after=None
[2023-01-27T06:46:34.891+0000] {logging_mixin.py:137} INFO - [2023-01-27T06:46:34.891+0000] {dag.py:3441} INFO - Setting next_dagrun for dataset_consumes_1_never_scheduled to None, run_after=None
[2023-01-27T06:46:34.896+0000] {logging_mixin.py:137} INFO - [2023-01-27T06:46:34.896+0000] {dag.py:3441} INFO - Setting next_dagrun for dataset_consumes_unknown_never_scheduled to None, run_after=None
[2023-01-27T06:46:34.926+0000] {logging_mixin.py:137} INFO - [2023-01-27T06:46:34.923+0000] {dag.py:3441} INFO - Setting next_dagrun for dataset_produces_1 to 2023-01-26T00:00:00+00:00, run_after=2023-01-27T00:00:00+00:00
[2023-01-27T06:46:34.937+0000] {logging_mixin.py:137} INFO - [2023-01-27T06:46:34.937+0000] {dag.py:3441} INFO - Setting next_dagrun for dataset_produces_2 to None, run_after=None
[2023-01-27T06:46:35.621+0000] {processor.py:175} INFO - Processing /home/airflow/.local/lib/python3.7/site-packages/airflow/example_dags/example_datasets.py took 2.854 seconds
[2023-01-27T06:47:51.534+0000] {processor.py:153} INFO - Started process (PID=364) to work on /home/airflow/.local/lib/python3.7/site-packages/airflow/example_dags/example_datasets.py
[2023-01-27T06:47:51.550+0000] {processor.py:743} INFO - Processing file /home/airflow/.local/lib/python3.7/site-packages/airflow/example_dags/example_datasets.py for tasks to queue
[2023-01-27T06:47:51.564+0000] {logging_mixin.py:137} INFO - [2023-01-27T06:47:51.562+0000] {dagbag.py:538} INFO - Filling up the DagBag from /home/airflow/.local/lib/python3.7/site-packages/airflow/example_dags/example_datasets.py
[2023-01-27T06:47:51.861+0000] {processor.py:753} INFO - DAG(s) dict_keys(['dataset_consumes_1_never_scheduled', 'dataset_produces_2', 'dataset_produces_1', 'dataset_consumes_unknown_never_scheduled', 'dataset_consumes_1', 'dataset_consumes_1_and_2']) retrieved from /home/airflow/.local/lib/python3.7/site-packages/airflow/example_dags/example_datasets.py
[2023-01-27T06:47:53.243+0000] {logging_mixin.py:137} INFO - [2023-01-27T06:47:53.232+0000] {dag.py:2690} INFO - Sync 6 DAGs
[2023-01-27T06:47:53.833+0000] {logging_mixin.py:137} INFO - [2023-01-27T06:47:53.832+0000] {dag.py:3441} INFO - Setting next_dagrun for dataset_consumes_1 to None, run_after=None
[2023-01-27T06:47:53.876+0000] {logging_mixin.py:137} INFO - [2023-01-27T06:47:53.875+0000] {dag.py:3441} INFO - Setting next_dagrun for dataset_consumes_1_and_2 to None, run_after=None
[2023-01-27T06:47:53.892+0000] {logging_mixin.py:137} INFO - [2023-01-27T06:47:53.892+0000] {dag.py:3441} INFO - Setting next_dagrun for dataset_consumes_1_never_scheduled to None, run_after=None
[2023-01-27T06:47:53.929+0000] {logging_mixin.py:137} INFO - [2023-01-27T06:47:53.911+0000] {dag.py:3441} INFO - Setting next_dagrun for dataset_consumes_unknown_never_scheduled to None, run_after=None
[2023-01-27T06:47:53.988+0000] {logging_mixin.py:137} INFO - [2023-01-27T06:47:53.987+0000] {dag.py:3441} INFO - Setting next_dagrun for dataset_produces_1 to 2023-01-26T00:00:00+00:00, run_after=2023-01-27T00:00:00+00:00
[2023-01-27T06:47:54.060+0000] {logging_mixin.py:137} INFO - [2023-01-27T06:47:54.052+0000] {dag.py:3441} INFO - Setting next_dagrun for dataset_produces_2 to None, run_after=None
[2023-01-27T06:47:54.636+0000] {processor.py:175} INFO - Processing /home/airflow/.local/lib/python3.7/site-packages/airflow/example_dags/example_datasets.py took 3.176 seconds
[2023-01-27T06:48:36.222+0000] {processor.py:153} INFO - Started process (PID=421) to work on /home/airflow/.local/lib/python3.7/site-packages/airflow/example_dags/example_datasets.py
[2023-01-27T06:48:36.246+0000] {processor.py:743} INFO - Processing file /home/airflow/.local/lib/python3.7/site-packages/airflow/example_dags/example_datasets.py for tasks to queue
[2023-01-27T06:48:36.275+0000] {logging_mixin.py:137} INFO - [2023-01-27T06:48:36.272+0000] {dagbag.py:538} INFO - Filling up the DagBag from /home/airflow/.local/lib/python3.7/site-packages/airflow/example_dags/example_datasets.py
[2023-01-27T06:48:37.244+0000] {processor.py:753} INFO - DAG(s) dict_keys(['dataset_produces_1', 'dataset_consumes_1_never_scheduled', 'dataset_consumes_1', 'dataset_produces_2', 'dataset_consumes_1_and_2', 'dataset_consumes_unknown_never_scheduled']) retrieved from /home/airflow/.local/lib/python3.7/site-packages/airflow/example_dags/example_datasets.py
[2023-01-27T06:48:38.697+0000] {logging_mixin.py:137} INFO - [2023-01-27T06:48:38.613+0000] {dag.py:2690} INFO - Sync 6 DAGs
[2023-01-27T06:48:39.713+0000] {logging_mixin.py:137} INFO - [2023-01-27T06:48:39.713+0000] {dag.py:3441} INFO - Setting next_dagrun for dataset_consumes_1 to None, run_after=None
[2023-01-27T06:48:40.960+0000] {logging_mixin.py:137} INFO - [2023-01-27T06:48:40.813+0000] {dag.py:3441} INFO - Setting next_dagrun for dataset_consumes_1_and_2 to None, run_after=None
[2023-01-27T06:48:41.015+0000] {logging_mixin.py:137} INFO - [2023-01-27T06:48:41.014+0000] {dag.py:3441} INFO - Setting next_dagrun for dataset_consumes_1_never_scheduled to None, run_after=None
[2023-01-27T06:48:41.062+0000] {logging_mixin.py:137} INFO - [2023-01-27T06:48:41.062+0000] {dag.py:3441} INFO - Setting next_dagrun for dataset_consumes_unknown_never_scheduled to None, run_after=None
[2023-01-27T06:48:41.373+0000] {logging_mixin.py:137} INFO - [2023-01-27T06:48:41.369+0000] {dag.py:3441} INFO - Setting next_dagrun for dataset_produces_1 to 2023-01-26T00:00:00+00:00, run_after=2023-01-27T00:00:00+00:00
[2023-01-27T06:48:41.500+0000] {logging_mixin.py:137} INFO - [2023-01-27T06:48:41.497+0000] {dag.py:3441} INFO - Setting next_dagrun for dataset_produces_2 to None, run_after=None
[2023-01-27T06:48:44.900+0000] {processor.py:175} INFO - Processing /home/airflow/.local/lib/python3.7/site-packages/airflow/example_dags/example_datasets.py took 8.712 seconds
[2023-01-27T06:51:21.232+0000] {processor.py:153} INFO - Started process (PID=522) to work on /home/airflow/.local/lib/python3.7/site-packages/airflow/example_dags/example_datasets.py
[2023-01-27T06:51:21.291+0000] {processor.py:743} INFO - Processing file /home/airflow/.local/lib/python3.7/site-packages/airflow/example_dags/example_datasets.py for tasks to queue
[2023-01-27T06:51:21.332+0000] {logging_mixin.py:137} INFO - [2023-01-27T06:51:21.304+0000] {dagbag.py:538} INFO - Filling up the DagBag from /home/airflow/.local/lib/python3.7/site-packages/airflow/example_dags/example_datasets.py
[2023-01-27T06:51:27.233+0000] {processor.py:753} INFO - DAG(s) dict_keys(['dataset_produces_1', 'dataset_produces_2', 'dataset_consumes_1_never_scheduled', 'dataset_consumes_1_and_2', 'dataset_consumes_1', 'dataset_consumes_unknown_never_scheduled']) retrieved from /home/airflow/.local/lib/python3.7/site-packages/airflow/example_dags/example_datasets.py
[2023-01-27T06:51:52.166+0000] {logging_mixin.py:137} INFO - [2023-01-27T06:51:52.136+0000] {dag.py:2690} INFO - Sync 6 DAGs
[2023-01-27T06:51:54.233+0000] {logging_mixin.py:137} INFO - [2023-01-27T06:51:54.206+0000] {dag.py:3441} INFO - Setting next_dagrun for dataset_consumes_1 to None, run_after=None
[2023-01-27T06:51:54.745+0000] {logging_mixin.py:137} INFO - [2023-01-27T06:51:54.716+0000] {dag.py:3441} INFO - Setting next_dagrun for dataset_consumes_1_and_2 to None, run_after=None
[2023-01-27T06:51:54.933+0000] {logging_mixin.py:137} INFO - [2023-01-27T06:51:54.931+0000] {dag.py:3441} INFO - Setting next_dagrun for dataset_consumes_1_never_scheduled to None, run_after=None
[2023-01-27T06:51:55.009+0000] {logging_mixin.py:137} INFO - [2023-01-27T06:51:55.008+0000] {dag.py:3441} INFO - Setting next_dagrun for dataset_consumes_unknown_never_scheduled to None, run_after=None
[2023-01-27T06:51:55.640+0000] {logging_mixin.py:137} INFO - [2023-01-27T06:51:55.619+0000] {dag.py:3441} INFO - Setting next_dagrun for dataset_produces_1 to 2023-01-26T00:00:00+00:00, run_after=2023-01-27T00:00:00+00:00
[2023-01-27T06:51:55.790+0000] {logging_mixin.py:137} INFO - [2023-01-27T06:51:55.789+0000] {dag.py:3441} INFO - Setting next_dagrun for dataset_produces_2 to None, run_after=None
[2023-01-27T06:52:04.097+0000] {processor.py:175} INFO - Processing /home/airflow/.local/lib/python3.7/site-packages/airflow/example_dags/example_datasets.py took 42.715 seconds
