[2023-01-27T06:46:43.835+0000] {processor.py:153} INFO - Started process (PID=295) to work on /home/airflow/.local/lib/python3.7/site-packages/airflow/example_dags/example_python_operator.py
[2023-01-27T06:46:43.838+0000] {processor.py:743} INFO - Processing file /home/airflow/.local/lib/python3.7/site-packages/airflow/example_dags/example_python_operator.py for tasks to queue
[2023-01-27T06:46:43.849+0000] {logging_mixin.py:137} INFO - [2023-01-27T06:46:43.848+0000] {dagbag.py:538} INFO - Filling up the DagBag from /home/airflow/.local/lib/python3.7/site-packages/airflow/example_dags/example_python_operator.py
[2023-01-27T06:46:44.146+0000] {logging_mixin.py:137} INFO - [2023-01-27T06:46:44.145+0000] {taskmixin.py:205} WARNING - Dependency <Task(_PythonDecoratedOperator): print_the_context>, log_sql_query already registered for DAG: example_python_operator
[2023-01-27T06:46:44.177+0000] {logging_mixin.py:137} INFO - [2023-01-27T06:46:44.177+0000] {taskmixin.py:205} WARNING - Dependency <Task(_PythonDecoratedOperator): log_sql_query>, print_the_context already registered for DAG: example_python_operator
[2023-01-27T06:46:44.181+0000] {logging_mixin.py:137} INFO - [2023-01-27T06:46:44.181+0000] {taskmixin.py:205} WARNING - Dependency <Task(_PythonDecoratedOperator): print_the_context>, log_sql_query already registered for DAG: example_python_operator
[2023-01-27T06:46:44.185+0000] {logging_mixin.py:137} INFO - [2023-01-27T06:46:44.185+0000] {taskmixin.py:205} WARNING - Dependency <Task(_PythonDecoratedOperator): log_sql_query>, print_the_context already registered for DAG: example_python_operator
[2023-01-27T06:46:44.189+0000] {logging_mixin.py:137} INFO - [2023-01-27T06:46:44.188+0000] {taskmixin.py:205} WARNING - Dependency <Task(_PythonDecoratedOperator): print_the_context>, log_sql_query already registered for DAG: example_python_operator
[2023-01-27T06:46:44.201+0000] {logging_mixin.py:137} INFO - [2023-01-27T06:46:44.200+0000] {taskmixin.py:205} WARNING - Dependency <Task(_PythonDecoratedOperator): log_sql_query>, print_the_context already registered for DAG: example_python_operator
[2023-01-27T06:46:44.208+0000] {logging_mixin.py:137} INFO - [2023-01-27T06:46:44.207+0000] {taskmixin.py:205} WARNING - Dependency <Task(_PythonDecoratedOperator): print_the_context>, log_sql_query already registered for DAG: example_python_operator
[2023-01-27T06:46:44.211+0000] {logging_mixin.py:137} INFO - [2023-01-27T06:46:44.211+0000] {taskmixin.py:205} WARNING - Dependency <Task(_PythonDecoratedOperator): log_sql_query>, print_the_context already registered for DAG: example_python_operator
[2023-01-27T06:46:44.279+0000] {processor.py:753} INFO - DAG(s) dict_keys(['example_python_operator']) retrieved from /home/airflow/.local/lib/python3.7/site-packages/airflow/example_dags/example_python_operator.py
[2023-01-27T06:46:45.389+0000] {logging_mixin.py:137} INFO - [2023-01-27T06:46:45.386+0000] {manager.py:504} INFO - Created Permission View: can delete on DAG:example_python_operator
[2023-01-27T06:46:45.577+0000] {logging_mixin.py:137} INFO - [2023-01-27T06:46:45.577+0000] {manager.py:504} INFO - Created Permission View: can edit on DAG:example_python_operator
[2023-01-27T06:46:45.738+0000] {logging_mixin.py:137} INFO - [2023-01-27T06:46:45.735+0000] {manager.py:504} INFO - Created Permission View: can read on DAG:example_python_operator
[2023-01-27T06:46:45.774+0000] {logging_mixin.py:137} INFO - [2023-01-27T06:46:45.773+0000] {dag.py:2690} INFO - Sync 1 DAGs
[2023-01-27T06:46:46.080+0000] {logging_mixin.py:137} INFO - [2023-01-27T06:46:46.080+0000] {dag.py:2711} INFO - Creating ORM DAG for example_python_operator
[2023-01-27T06:46:46.215+0000] {logging_mixin.py:137} INFO - [2023-01-27T06:46:46.215+0000] {dag.py:3441} INFO - Setting next_dagrun for example_python_operator to None, run_after=None
[2023-01-27T06:46:46.351+0000] {processor.py:175} INFO - Processing /home/airflow/.local/lib/python3.7/site-packages/airflow/example_dags/example_python_operator.py took 2.521 seconds
[2023-01-27T06:47:59.431+0000] {processor.py:153} INFO - Started process (PID=375) to work on /home/airflow/.local/lib/python3.7/site-packages/airflow/example_dags/example_python_operator.py
[2023-01-27T06:47:59.466+0000] {processor.py:743} INFO - Processing file /home/airflow/.local/lib/python3.7/site-packages/airflow/example_dags/example_python_operator.py for tasks to queue
[2023-01-27T06:47:59.470+0000] {logging_mixin.py:137} INFO - [2023-01-27T06:47:59.469+0000] {dagbag.py:538} INFO - Filling up the DagBag from /home/airflow/.local/lib/python3.7/site-packages/airflow/example_dags/example_python_operator.py
[2023-01-27T06:47:59.631+0000] {logging_mixin.py:137} INFO - [2023-01-27T06:47:59.630+0000] {taskmixin.py:205} WARNING - Dependency <Task(_PythonDecoratedOperator): print_the_context>, log_sql_query already registered for DAG: example_python_operator
[2023-01-27T06:47:59.632+0000] {logging_mixin.py:137} INFO - [2023-01-27T06:47:59.632+0000] {taskmixin.py:205} WARNING - Dependency <Task(_PythonDecoratedOperator): log_sql_query>, print_the_context already registered for DAG: example_python_operator
[2023-01-27T06:47:59.640+0000] {logging_mixin.py:137} INFO - [2023-01-27T06:47:59.640+0000] {taskmixin.py:205} WARNING - Dependency <Task(_PythonDecoratedOperator): print_the_context>, log_sql_query already registered for DAG: example_python_operator
[2023-01-27T06:47:59.645+0000] {logging_mixin.py:137} INFO - [2023-01-27T06:47:59.644+0000] {taskmixin.py:205} WARNING - Dependency <Task(_PythonDecoratedOperator): log_sql_query>, print_the_context already registered for DAG: example_python_operator
[2023-01-27T06:47:59.649+0000] {logging_mixin.py:137} INFO - [2023-01-27T06:47:59.648+0000] {taskmixin.py:205} WARNING - Dependency <Task(_PythonDecoratedOperator): print_the_context>, log_sql_query already registered for DAG: example_python_operator
[2023-01-27T06:47:59.650+0000] {logging_mixin.py:137} INFO - [2023-01-27T06:47:59.650+0000] {taskmixin.py:205} WARNING - Dependency <Task(_PythonDecoratedOperator): log_sql_query>, print_the_context already registered for DAG: example_python_operator
[2023-01-27T06:47:59.662+0000] {logging_mixin.py:137} INFO - [2023-01-27T06:47:59.661+0000] {taskmixin.py:205} WARNING - Dependency <Task(_PythonDecoratedOperator): print_the_context>, log_sql_query already registered for DAG: example_python_operator
[2023-01-27T06:47:59.664+0000] {logging_mixin.py:137} INFO - [2023-01-27T06:47:59.664+0000] {taskmixin.py:205} WARNING - Dependency <Task(_PythonDecoratedOperator): log_sql_query>, print_the_context already registered for DAG: example_python_operator
[2023-01-27T06:47:59.701+0000] {processor.py:753} INFO - DAG(s) dict_keys(['example_python_operator']) retrieved from /home/airflow/.local/lib/python3.7/site-packages/airflow/example_dags/example_python_operator.py
[2023-01-27T06:47:59.851+0000] {logging_mixin.py:137} INFO - [2023-01-27T06:47:59.851+0000] {dag.py:2690} INFO - Sync 1 DAGs
[2023-01-27T06:48:00.094+0000] {logging_mixin.py:137} INFO - [2023-01-27T06:48:00.094+0000] {dag.py:3441} INFO - Setting next_dagrun for example_python_operator to None, run_after=None
[2023-01-27T06:48:00.299+0000] {processor.py:175} INFO - Processing /home/airflow/.local/lib/python3.7/site-packages/airflow/example_dags/example_python_operator.py took 0.896 seconds
