[2023-01-27T06:46:41.563+0000] {processor.py:153} INFO - Started process (PID=292) to work on /home/airflow/.local/lib/python3.7/site-packages/airflow/example_dags/example_branch_day_of_week_operator.py
[2023-01-27T06:46:41.571+0000] {processor.py:743} INFO - Processing file /home/airflow/.local/lib/python3.7/site-packages/airflow/example_dags/example_branch_day_of_week_operator.py for tasks to queue
[2023-01-27T06:46:41.574+0000] {logging_mixin.py:137} INFO - [2023-01-27T06:46:41.573+0000] {dagbag.py:538} INFO - Filling up the DagBag from /home/airflow/.local/lib/python3.7/site-packages/airflow/example_dags/example_branch_day_of_week_operator.py
[2023-01-27T06:46:41.667+0000] {processor.py:753} INFO - DAG(s) dict_keys(['example_weekday_branch_operator']) retrieved from /home/airflow/.local/lib/python3.7/site-packages/airflow/example_dags/example_branch_day_of_week_operator.py
[2023-01-27T06:46:42.088+0000] {logging_mixin.py:137} INFO - [2023-01-27T06:46:42.088+0000] {manager.py:504} INFO - Created Permission View: can delete on DAG:example_weekday_branch_operator
[2023-01-27T06:46:42.118+0000] {logging_mixin.py:137} INFO - [2023-01-27T06:46:42.117+0000] {manager.py:504} INFO - Created Permission View: can edit on DAG:example_weekday_branch_operator
[2023-01-27T06:46:42.216+0000] {logging_mixin.py:137} INFO - [2023-01-27T06:46:42.215+0000] {manager.py:504} INFO - Created Permission View: can read on DAG:example_weekday_branch_operator
[2023-01-27T06:46:42.220+0000] {logging_mixin.py:137} INFO - [2023-01-27T06:46:42.220+0000] {dag.py:2690} INFO - Sync 1 DAGs
[2023-01-27T06:46:42.310+0000] {logging_mixin.py:137} INFO - [2023-01-27T06:46:42.310+0000] {dag.py:2711} INFO - Creating ORM DAG for example_weekday_branch_operator
[2023-01-27T06:46:42.378+0000] {logging_mixin.py:137} INFO - [2023-01-27T06:46:42.378+0000] {dag.py:3441} INFO - Setting next_dagrun for example_weekday_branch_operator to 2023-01-26T00:00:00+00:00, run_after=2023-01-27T00:00:00+00:00
[2023-01-27T06:46:42.471+0000] {processor.py:175} INFO - Processing /home/airflow/.local/lib/python3.7/site-packages/airflow/example_dags/example_branch_day_of_week_operator.py took 0.922 seconds
[2023-01-27T06:47:57.768+0000] {processor.py:153} INFO - Started process (PID=372) to work on /home/airflow/.local/lib/python3.7/site-packages/airflow/example_dags/example_branch_day_of_week_operator.py
[2023-01-27T06:47:57.775+0000] {processor.py:743} INFO - Processing file /home/airflow/.local/lib/python3.7/site-packages/airflow/example_dags/example_branch_day_of_week_operator.py for tasks to queue
[2023-01-27T06:47:57.778+0000] {logging_mixin.py:137} INFO - [2023-01-27T06:47:57.777+0000] {dagbag.py:538} INFO - Filling up the DagBag from /home/airflow/.local/lib/python3.7/site-packages/airflow/example_dags/example_branch_day_of_week_operator.py
[2023-01-27T06:47:57.910+0000] {processor.py:753} INFO - DAG(s) dict_keys(['example_weekday_branch_operator']) retrieved from /home/airflow/.local/lib/python3.7/site-packages/airflow/example_dags/example_branch_day_of_week_operator.py
[2023-01-27T06:47:58.173+0000] {logging_mixin.py:137} INFO - [2023-01-27T06:47:58.172+0000] {dag.py:2690} INFO - Sync 1 DAGs
[2023-01-27T06:47:58.457+0000] {logging_mixin.py:137} INFO - [2023-01-27T06:47:58.456+0000] {dag.py:3441} INFO - Setting next_dagrun for example_weekday_branch_operator to 2023-01-26T00:00:00+00:00, run_after=2023-01-27T00:00:00+00:00
[2023-01-27T06:47:58.601+0000] {processor.py:175} INFO - Processing /home/airflow/.local/lib/python3.7/site-packages/airflow/example_dags/example_branch_day_of_week_operator.py took 0.852 seconds
[2023-01-27T06:50:18.374+0000] {processor.py:153} INFO - Started process (PID=476) to work on /home/airflow/.local/lib/python3.7/site-packages/airflow/example_dags/example_branch_day_of_week_operator.py
[2023-01-27T06:50:18.775+0000] {processor.py:743} INFO - Processing file /home/airflow/.local/lib/python3.7/site-packages/airflow/example_dags/example_branch_day_of_week_operator.py for tasks to queue
[2023-01-27T06:50:18.931+0000] {logging_mixin.py:137} INFO - [2023-01-27T06:50:18.929+0000] {dagbag.py:538} INFO - Filling up the DagBag from /home/airflow/.local/lib/python3.7/site-packages/airflow/example_dags/example_branch_day_of_week_operator.py
[2023-01-27T06:50:27.627+0000] {processor.py:753} INFO - DAG(s) dict_keys(['example_weekday_branch_operator']) retrieved from /home/airflow/.local/lib/python3.7/site-packages/airflow/example_dags/example_branch_day_of_week_operator.py
[2023-01-27T06:50:39.863+0000] {logging_mixin.py:137} INFO - [2023-01-27T06:50:39.853+0000] {dag.py:2690} INFO - Sync 1 DAGs
[2023-01-27T06:50:44.505+0000] {logging_mixin.py:137} INFO - [2023-01-27T06:50:44.450+0000] {dag.py:3441} INFO - Setting next_dagrun for example_weekday_branch_operator to 2023-01-26T00:00:00+00:00, run_after=2023-01-27T00:00:00+00:00
[2023-01-27T06:50:46.454+0000] {processor.py:175} INFO - Processing /home/airflow/.local/lib/python3.7/site-packages/airflow/example_dags/example_branch_day_of_week_operator.py took 31.398 seconds
