[2023-01-27T06:47:25.132+0000] {processor.py:153} INFO - Started process (PID=334) to work on /home/airflow/.local/lib/python3.7/site-packages/airflow/example_dags/example_subdag_operator.py
[2023-01-27T06:47:25.144+0000] {processor.py:743} INFO - Processing file /home/airflow/.local/lib/python3.7/site-packages/airflow/example_dags/example_subdag_operator.py for tasks to queue
[2023-01-27T06:47:25.154+0000] {logging_mixin.py:137} INFO - [2023-01-27T06:47:25.154+0000] {dagbag.py:538} INFO - Filling up the DagBag from /home/airflow/.local/lib/python3.7/site-packages/airflow/example_dags/example_subdag_operator.py
[2023-01-27T06:47:25.657+0000] {processor.py:753} INFO - DAG(s) dict_keys(['example_subdag_operator.section-1', 'example_subdag_operator.section-2', 'example_subdag_operator']) retrieved from /home/airflow/.local/lib/python3.7/site-packages/airflow/example_dags/example_subdag_operator.py
[2023-01-27T06:47:27.105+0000] {logging_mixin.py:137} INFO - [2023-01-27T06:47:27.105+0000] {manager.py:504} INFO - Created Permission View: can delete on DAG:example_subdag_operator
[2023-01-27T06:47:27.184+0000] {logging_mixin.py:137} INFO - [2023-01-27T06:47:27.183+0000] {manager.py:504} INFO - Created Permission View: can edit on DAG:example_subdag_operator
[2023-01-27T06:47:27.304+0000] {logging_mixin.py:137} INFO - [2023-01-27T06:47:27.302+0000] {manager.py:504} INFO - Created Permission View: can read on DAG:example_subdag_operator
[2023-01-27T06:47:27.383+0000] {logging_mixin.py:137} INFO - [2023-01-27T06:47:27.383+0000] {dag.py:2690} INFO - Sync 3 DAGs
[2023-01-27T06:47:27.505+0000] {logging_mixin.py:137} INFO - [2023-01-27T06:47:27.505+0000] {dag.py:2711} INFO - Creating ORM DAG for example_subdag_operator.section-1
[2023-01-27T06:47:27.518+0000] {logging_mixin.py:137} INFO - [2023-01-27T06:47:27.514+0000] {dag.py:2711} INFO - Creating ORM DAG for example_subdag_operator
[2023-01-27T06:47:27.534+0000] {logging_mixin.py:137} INFO - [2023-01-27T06:47:27.534+0000] {dag.py:2711} INFO - Creating ORM DAG for example_subdag_operator.section-2
[2023-01-27T06:47:27.631+0000] {logging_mixin.py:137} INFO - [2023-01-27T06:47:27.630+0000] {dag.py:3441} INFO - Setting next_dagrun for example_subdag_operator to 2022-01-01T00:00:00+00:00, run_after=2022-01-01T00:00:00+00:00
[2023-01-27T06:47:27.642+0000] {logging_mixin.py:137} INFO - [2023-01-27T06:47:27.641+0000] {dag.py:3441} INFO - Setting next_dagrun for example_subdag_operator.section-1 to None, run_after=None
[2023-01-27T06:47:27.654+0000] {logging_mixin.py:137} INFO - [2023-01-27T06:47:27.653+0000] {dag.py:3441} INFO - Setting next_dagrun for example_subdag_operator.section-2 to None, run_after=None
[2023-01-27T06:47:27.803+0000] {logging_mixin.py:137} INFO - [2023-01-27T06:47:27.803+0000] {dag.py:2690} INFO - Sync 2 DAGs
[2023-01-27T06:47:27.848+0000] {logging_mixin.py:137} INFO - [2023-01-27T06:47:27.848+0000] {dag.py:3441} INFO - Setting next_dagrun for example_subdag_operator.section-1 to None, run_after=None
[2023-01-27T06:47:27.934+0000] {logging_mixin.py:137} INFO - [2023-01-27T06:47:27.933+0000] {dag.py:3441} INFO - Setting next_dagrun for example_subdag_operator.section-2 to None, run_after=None
[2023-01-27T06:47:28.071+0000] {processor.py:175} INFO - Processing /home/airflow/.local/lib/python3.7/site-packages/airflow/example_dags/example_subdag_operator.py took 2.954 seconds
[2023-01-27T06:48:15.607+0000] {processor.py:153} INFO - Started process (PID=398) to work on /home/airflow/.local/lib/python3.7/site-packages/airflow/example_dags/example_subdag_operator.py
[2023-01-27T06:48:15.616+0000] {processor.py:743} INFO - Processing file /home/airflow/.local/lib/python3.7/site-packages/airflow/example_dags/example_subdag_operator.py for tasks to queue
[2023-01-27T06:48:15.624+0000] {logging_mixin.py:137} INFO - [2023-01-27T06:48:15.623+0000] {dagbag.py:538} INFO - Filling up the DagBag from /home/airflow/.local/lib/python3.7/site-packages/airflow/example_dags/example_subdag_operator.py
[2023-01-27T06:48:15.950+0000] {processor.py:753} INFO - DAG(s) dict_keys(['example_subdag_operator.section-1', 'example_subdag_operator.section-2', 'example_subdag_operator']) retrieved from /home/airflow/.local/lib/python3.7/site-packages/airflow/example_dags/example_subdag_operator.py
[2023-01-27T06:48:16.074+0000] {logging_mixin.py:137} INFO - [2023-01-27T06:48:16.073+0000] {dag.py:2690} INFO - Sync 3 DAGs
[2023-01-27T06:48:16.267+0000] {logging_mixin.py:137} INFO - [2023-01-27T06:48:16.266+0000] {dag.py:3441} INFO - Setting next_dagrun for example_subdag_operator to 2022-01-01T00:00:00+00:00, run_after=2022-01-01T00:00:00+00:00
[2023-01-27T06:48:16.286+0000] {logging_mixin.py:137} INFO - [2023-01-27T06:48:16.285+0000] {dag.py:3441} INFO - Setting next_dagrun for example_subdag_operator.section-1 to None, run_after=None
[2023-01-27T06:48:16.302+0000] {logging_mixin.py:137} INFO - [2023-01-27T06:48:16.301+0000] {dag.py:3441} INFO - Setting next_dagrun for example_subdag_operator.section-2 to None, run_after=None
[2023-01-27T06:48:16.339+0000] {logging_mixin.py:137} INFO - [2023-01-27T06:48:16.338+0000] {dag.py:2690} INFO - Sync 2 DAGs
[2023-01-27T06:48:16.367+0000] {logging_mixin.py:137} INFO - [2023-01-27T06:48:16.367+0000] {dag.py:3441} INFO - Setting next_dagrun for example_subdag_operator.section-1 to None, run_after=None
[2023-01-27T06:48:16.379+0000] {logging_mixin.py:137} INFO - [2023-01-27T06:48:16.379+0000] {dag.py:3441} INFO - Setting next_dagrun for example_subdag_operator.section-2 to None, run_after=None
[2023-01-27T06:48:16.465+0000] {processor.py:175} INFO - Processing /home/airflow/.local/lib/python3.7/site-packages/airflow/example_dags/example_subdag_operator.py took 0.878 seconds
