[2023-01-27T06:46:39.828+0000] {processor.py:153} INFO - Started process (PID=288) to work on /home/airflow/.local/lib/python3.7/site-packages/airflow/example_dags/tutorial_dag.py
[2023-01-27T06:46:39.845+0000] {processor.py:743} INFO - Processing file /home/airflow/.local/lib/python3.7/site-packages/airflow/example_dags/tutorial_dag.py for tasks to queue
[2023-01-27T06:46:39.855+0000] {logging_mixin.py:137} INFO - [2023-01-27T06:46:39.854+0000] {dagbag.py:538} INFO - Filling up the DagBag from /home/airflow/.local/lib/python3.7/site-packages/airflow/example_dags/tutorial_dag.py
[2023-01-27T06:46:39.897+0000] {processor.py:753} INFO - DAG(s) dict_keys(['tutorial_dag']) retrieved from /home/airflow/.local/lib/python3.7/site-packages/airflow/example_dags/tutorial_dag.py
[2023-01-27T06:46:41.045+0000] {logging_mixin.py:137} INFO - [2023-01-27T06:46:41.045+0000] {manager.py:504} INFO - Created Permission View: can delete on DAG:tutorial_dag
[2023-01-27T06:46:41.112+0000] {logging_mixin.py:137} INFO - [2023-01-27T06:46:41.112+0000] {manager.py:504} INFO - Created Permission View: can edit on DAG:tutorial_dag
[2023-01-27T06:46:41.159+0000] {logging_mixin.py:137} INFO - [2023-01-27T06:46:41.159+0000] {manager.py:504} INFO - Created Permission View: can read on DAG:tutorial_dag
[2023-01-27T06:46:41.164+0000] {logging_mixin.py:137} INFO - [2023-01-27T06:46:41.163+0000] {dag.py:2690} INFO - Sync 1 DAGs
[2023-01-27T06:46:41.215+0000] {logging_mixin.py:137} INFO - [2023-01-27T06:46:41.212+0000] {dag.py:2711} INFO - Creating ORM DAG for tutorial_dag
[2023-01-27T06:46:41.330+0000] {logging_mixin.py:137} INFO - [2023-01-27T06:46:41.330+0000] {dag.py:3441} INFO - Setting next_dagrun for tutorial_dag to None, run_after=None
[2023-01-27T06:46:41.407+0000] {processor.py:175} INFO - Processing /home/airflow/.local/lib/python3.7/site-packages/airflow/example_dags/tutorial_dag.py took 1.585 seconds
[2023-01-27T06:47:56.798+0000] {processor.py:153} INFO - Started process (PID=370) to work on /home/airflow/.local/lib/python3.7/site-packages/airflow/example_dags/tutorial_dag.py
[2023-01-27T06:47:56.809+0000] {processor.py:743} INFO - Processing file /home/airflow/.local/lib/python3.7/site-packages/airflow/example_dags/tutorial_dag.py for tasks to queue
[2023-01-27T06:47:56.820+0000] {logging_mixin.py:137} INFO - [2023-01-27T06:47:56.820+0000] {dagbag.py:538} INFO - Filling up the DagBag from /home/airflow/.local/lib/python3.7/site-packages/airflow/example_dags/tutorial_dag.py
[2023-01-27T06:47:56.916+0000] {processor.py:753} INFO - DAG(s) dict_keys(['tutorial_dag']) retrieved from /home/airflow/.local/lib/python3.7/site-packages/airflow/example_dags/tutorial_dag.py
[2023-01-27T06:47:57.050+0000] {logging_mixin.py:137} INFO - [2023-01-27T06:47:57.049+0000] {dag.py:2690} INFO - Sync 1 DAGs
[2023-01-27T06:47:57.382+0000] {logging_mixin.py:137} INFO - [2023-01-27T06:47:57.381+0000] {dag.py:3441} INFO - Setting next_dagrun for tutorial_dag to None, run_after=None
[2023-01-27T06:47:57.512+0000] {processor.py:175} INFO - Processing /home/airflow/.local/lib/python3.7/site-packages/airflow/example_dags/tutorial_dag.py took 0.739 seconds
[2023-01-27T06:49:23.787+0000] {processor.py:153} INFO - Started process (PID=453) to work on /home/airflow/.local/lib/python3.7/site-packages/airflow/example_dags/tutorial_dag.py
[2023-01-27T06:49:28.626+0000] {processor.py:743} INFO - Processing file /home/airflow/.local/lib/python3.7/site-packages/airflow/example_dags/tutorial_dag.py for tasks to queue
[2023-01-27T06:49:32.162+0000] {logging_mixin.py:137} INFO - [2023-01-27T06:49:31.921+0000] {dagbag.py:538} INFO - Filling up the DagBag from /home/airflow/.local/lib/python3.7/site-packages/airflow/example_dags/tutorial_dag.py
