[2023-01-27T06:46:29.555+0000] {processor.py:153} INFO - Started process (PID=270) to work on /home/airflow/.local/lib/python3.7/site-packages/airflow/example_dags/tutorial_taskflow_api_virtualenv.py
[2023-01-27T06:46:29.590+0000] {processor.py:743} INFO - Processing file /home/airflow/.local/lib/python3.7/site-packages/airflow/example_dags/tutorial_taskflow_api_virtualenv.py for tasks to queue
[2023-01-27T06:46:29.609+0000] {logging_mixin.py:137} INFO - [2023-01-27T06:46:29.608+0000] {dagbag.py:538} INFO - Filling up the DagBag from /home/airflow/.local/lib/python3.7/site-packages/airflow/example_dags/tutorial_taskflow_api_virtualenv.py
[2023-01-27T06:46:29.802+0000] {processor.py:753} INFO - DAG(s) dict_keys(['tutorial_taskflow_api_virtualenv']) retrieved from /home/airflow/.local/lib/python3.7/site-packages/airflow/example_dags/tutorial_taskflow_api_virtualenv.py
[2023-01-27T06:46:30.341+0000] {logging_mixin.py:137} INFO - [2023-01-27T06:46:30.340+0000] {manager.py:504} INFO - Created Permission View: can delete on DAG:tutorial_taskflow_api_virtualenv
[2023-01-27T06:46:30.462+0000] {logging_mixin.py:137} INFO - [2023-01-27T06:46:30.462+0000] {manager.py:504} INFO - Created Permission View: can edit on DAG:tutorial_taskflow_api_virtualenv
[2023-01-27T06:46:30.517+0000] {logging_mixin.py:137} INFO - [2023-01-27T06:46:30.516+0000] {manager.py:504} INFO - Created Permission View: can read on DAG:tutorial_taskflow_api_virtualenv
[2023-01-27T06:46:30.521+0000] {logging_mixin.py:137} INFO - [2023-01-27T06:46:30.520+0000] {dag.py:2690} INFO - Sync 1 DAGs
[2023-01-27T06:46:30.598+0000] {logging_mixin.py:137} INFO - [2023-01-27T06:46:30.598+0000] {dag.py:2711} INFO - Creating ORM DAG for tutorial_taskflow_api_virtualenv
[2023-01-27T06:46:30.675+0000] {logging_mixin.py:137} INFO - [2023-01-27T06:46:30.673+0000] {dag.py:3441} INFO - Setting next_dagrun for tutorial_taskflow_api_virtualenv to None, run_after=None
[2023-01-27T06:46:30.778+0000] {processor.py:175} INFO - Processing /home/airflow/.local/lib/python3.7/site-packages/airflow/example_dags/tutorial_taskflow_api_virtualenv.py took 1.242 seconds
[2023-01-27T06:47:43.687+0000] {processor.py:153} INFO - Started process (PID=357) to work on /home/airflow/.local/lib/python3.7/site-packages/airflow/example_dags/tutorial_taskflow_api_virtualenv.py
[2023-01-27T06:47:43.732+0000] {processor.py:743} INFO - Processing file /home/airflow/.local/lib/python3.7/site-packages/airflow/example_dags/tutorial_taskflow_api_virtualenv.py for tasks to queue
[2023-01-27T06:47:43.755+0000] {logging_mixin.py:137} INFO - [2023-01-27T06:47:43.755+0000] {dagbag.py:538} INFO - Filling up the DagBag from /home/airflow/.local/lib/python3.7/site-packages/airflow/example_dags/tutorial_taskflow_api_virtualenv.py
[2023-01-27T06:47:44.556+0000] {processor.py:753} INFO - DAG(s) dict_keys(['tutorial_taskflow_api_virtualenv']) retrieved from /home/airflow/.local/lib/python3.7/site-packages/airflow/example_dags/tutorial_taskflow_api_virtualenv.py
[2023-01-27T06:47:45.349+0000] {logging_mixin.py:137} INFO - [2023-01-27T06:47:45.349+0000] {dag.py:2690} INFO - Sync 1 DAGs
[2023-01-27T06:47:45.866+0000] {logging_mixin.py:137} INFO - [2023-01-27T06:47:45.865+0000] {dag.py:3441} INFO - Setting next_dagrun for tutorial_taskflow_api_virtualenv to None, run_after=None
[2023-01-27T06:47:46.126+0000] {processor.py:175} INFO - Processing /home/airflow/.local/lib/python3.7/site-packages/airflow/example_dags/tutorial_taskflow_api_virtualenv.py took 2.528 seconds
[2023-01-27T06:48:30.537+0000] {processor.py:153} INFO - Started process (PID=416) to work on /home/airflow/.local/lib/python3.7/site-packages/airflow/example_dags/tutorial_taskflow_api_virtualenv.py
[2023-01-27T06:48:30.550+0000] {processor.py:743} INFO - Processing file /home/airflow/.local/lib/python3.7/site-packages/airflow/example_dags/tutorial_taskflow_api_virtualenv.py for tasks to queue
[2023-01-27T06:48:30.553+0000] {logging_mixin.py:137} INFO - [2023-01-27T06:48:30.553+0000] {dagbag.py:538} INFO - Filling up the DagBag from /home/airflow/.local/lib/python3.7/site-packages/airflow/example_dags/tutorial_taskflow_api_virtualenv.py
[2023-01-27T06:48:30.796+0000] {processor.py:753} INFO - DAG(s) dict_keys(['tutorial_taskflow_api_virtualenv']) retrieved from /home/airflow/.local/lib/python3.7/site-packages/airflow/example_dags/tutorial_taskflow_api_virtualenv.py
[2023-01-27T06:48:31.056+0000] {logging_mixin.py:137} INFO - [2023-01-27T06:48:31.056+0000] {dag.py:2690} INFO - Sync 1 DAGs
[2023-01-27T06:48:31.247+0000] {logging_mixin.py:137} INFO - [2023-01-27T06:48:31.246+0000] {dag.py:3441} INFO - Setting next_dagrun for tutorial_taskflow_api_virtualenv to None, run_after=None
[2023-01-27T06:48:31.546+0000] {processor.py:175} INFO - Processing /home/airflow/.local/lib/python3.7/site-packages/airflow/example_dags/tutorial_taskflow_api_virtualenv.py took 1.015 seconds
[2023-01-27T06:51:06.074+0000] {processor.py:153} INFO - Started process (PID=508) to work on /home/airflow/.local/lib/python3.7/site-packages/airflow/example_dags/tutorial_taskflow_api_virtualenv.py
[2023-01-27T06:51:06.099+0000] {processor.py:743} INFO - Processing file /home/airflow/.local/lib/python3.7/site-packages/airflow/example_dags/tutorial_taskflow_api_virtualenv.py for tasks to queue
[2023-01-27T06:51:06.120+0000] {logging_mixin.py:137} INFO - [2023-01-27T06:51:06.119+0000] {dagbag.py:538} INFO - Filling up the DagBag from /home/airflow/.local/lib/python3.7/site-packages/airflow/example_dags/tutorial_taskflow_api_virtualenv.py
[2023-01-27T06:51:06.419+0000] {processor.py:753} INFO - DAG(s) dict_keys(['tutorial_taskflow_api_virtualenv']) retrieved from /home/airflow/.local/lib/python3.7/site-packages/airflow/example_dags/tutorial_taskflow_api_virtualenv.py
[2023-01-27T06:51:06.959+0000] {logging_mixin.py:137} INFO - [2023-01-27T06:51:06.958+0000] {dag.py:2690} INFO - Sync 1 DAGs
[2023-01-27T06:51:07.468+0000] {logging_mixin.py:137} INFO - [2023-01-27T06:51:07.467+0000] {dag.py:3441} INFO - Setting next_dagrun for tutorial_taskflow_api_virtualenv to None, run_after=None
[2023-01-27T06:51:08.359+0000] {processor.py:175} INFO - Processing /home/airflow/.local/lib/python3.7/site-packages/airflow/example_dags/tutorial_taskflow_api_virtualenv.py took 2.332 seconds
